2025-11-27 13:04:04 -04:00 > INFO > BUY_ORDER: wc-6xxxxxxxx3688 => Preparando datos antes de crear la transacción en la base de datos => data: {"sessionId":"wc:sessionId:69xxxxxxxxxxxxx3688","amount":19780,"returnUrl":"https:\/\/www.farmanostica.cl\/?wc-api=wc_gateway_transbank_webpay_plus_rest","environment":"LIVE","commerceCode":"5970xxxx8900"} [] []
2025-11-27 13:04:04 -04:00 > INFO > BUY_ORDER: wc-6xxxxxxxx3688 => Transacción creada en la base de datos con estado "prepared" => data: {"sessionId":"wc:sessionId:69xxxxxxxxxxxxx3688","amount":19780,"returnUrl":"https:\/\/www.farmanostica.cl\/?wc-api=wc_gateway_transbank_webpay_plus_rest","environment":"LIVE","commerceCode":"5970xxxx8900"} [] []
2025-11-27 13:04:04 -04:00 > INFO > BUY_ORDER: wc-6xxxxxxxx3688 => Preparando datos antes de crear la transacción en Transbank => data: {"sessionId":"wc:sessionId:69xxxxxxxxxxxxx3688","amount":19780,"returnUrl":"https:\/\/www.farmanostica.cl\/?wc-api=wc_gateway_transbank_webpay_plus_rest","environment":"LIVE","commerceCode":"5970xxxx8900"} [] []
2025-11-27 13:04:05 -04:00 > INFO > ORDER_ID: 3688 [] []
2025-11-27 13:04:05 -04:00 > INFO > INPUT: {"sessionId":"wc:sessionId:69xxxxxxxxxxxxx3688","amount":19780,"returnUrl":"https:\/\/www.farmanostica.cl\/?wc-api=wc_gateway_transbank_webpay_plus_rest"} => RESPONSE: {"token":"1131b41ecf337d0742ca3e8084375d9444ddfec50f7cb8a24a321721bfa95040","url":"https:\/\/webpay3g.transbank.cl:443\/webpayserver\/initTransaction"} [] []
2025-11-27 13:04:05 -04:00 > INFO > BUY_ORDER: wc-6xxxxxxxx3688 => Transacción actualizada en la base de datos con estado "initialized" => data: {"sessionId":"wc:sessionId:69xxxxxxxxxxxxx3688","amount":19780,"returnUrl":"https:\/\/www.farmanostica.cl\/?wc-api=wc_gateway_transbank_webpay_plus_rest","environment":"LIVE","commerceCode":"5970xxxx8900"} [] []
2025-11-27 13:06:22 -04:00 > INFO > Procesando retorno desde formulario de Webpay. [] []
2025-11-27 13:06:22 -04:00 > INFO > Request: method -> GET [] []
2025-11-27 13:06:22 -04:00 > INFO > Request: payload -> {"wc-api":"wc_gateway_transbank_webpay_plus_rest","token_ws":"1131b41ecf337d0742ca3e8084375d9444ddfec50f7cb8a24a321721bfa95040"} [] []
2025-11-27 13:06:22 -04:00 > INFO > Flujo normal detectado, token: 1131b41ecf337d0742ca3e8084375d9444ddfec50f7cb8a24a321721bfa95040 [] []
2025-11-27 13:06:22 -04:00 > INFO > BUY_ORDER: wc-6xxxxxxxx3688 => Preparando datos antes de hacer commit a la transacción en Transbank => data: {"token":"1131b41ecf337d0742ca3e8084375d9444ddfec50f7cb8a24a321721bfa95040","environment":"LIVE","commerceCode":"5970xxxx8900"} [] []
2025-11-27 13:06:23 -04:00 > INFO > ORDER_ID: 3688 [] []
2025-11-27 13:06:23 -04:00 > INFO > INPUT: {"token":"1131b41ecf337d0742ca3e8084375d9444ddfec50f7cb8a24a321721bfa95040"} => RESPONSE: {"vci":"TSY","status":"AUTHORIZED","responseCode":0,"amount":19780,"authorizationCode":"062366","paymentTypeCode":"VN","accountingDate":"1127","installmentsNumber":0,"installmentsAmount":null,"sessionId":"wc:sessionId:69xxxxxxxxxxxxx3688","buyOrder":"wc-6xxxxxxxx3688","cardNumber":"3331","cardDetail":{"card_number":"3331"},"transactionDate":"2025-11-27T17:04:04.929Z","balance":null} [] []
2025-11-27 13:06:23 -04:00 > INFO > BUY_ORDER: wc-6xxxxxxxx3688 => ***** COMMIT TBK OK ***** SI NO SE ENCUENTRA VALIDACION POR WooCommerce DEBE ANULARSE => data: {"token":"1131b41ecf337d0742ca3e8084375d9444ddfec50f7cb8a24a321721bfa95040","response":{"vci":"TSY","status":"AUTHORIZED","responseCode":0,"amount":19780,"authorizationCode":"062366","paymentTypeCode":"VN","accountingDate":"1127","installmentsNumber":0,"installmentsAmount":null,"sessionId":"wc:sessionId:69xxxxxxxxxxxxx3688","buyOrder":"wc-6xxxxxxxx3688","cardNumber":"3331","cardDetail":{"card_number":"3331"},"transactionDate":"2025-11-27T17:04:04.929Z","balance":null},"environment":"LIVE","commerceCode":"5970xxxx8900"} [] []
2025-11-27 13:06:23 -04:00 > INFO > C.5. Transacción con commit exitoso en Transbank y guardado => OC: wc-6xxxxxxxx3688 [] []
2025-11-27 13:06:54 -04:00 > INFO > Procesando retorno desde formulario de Webpay. [] []
2025-11-27 13:06:54 -04:00 > INFO > Request: method -> GET [] []
2025-11-27 13:06:54 -04:00 > INFO > Request: payload -> {"wc-api":"wc_gateway_transbank_webpay_plus_rest","token_ws":"1131b41ecf337d0742ca3e8084375d9444ddfec50f7cb8a24a321721bfa95040"} [] []
2025-11-27 13:06:54 -04:00 > INFO > Flujo normal detectado, token: 1131b41ecf337d0742ca3e8084375d9444ddfec50f7cb8a24a321721bfa95040 [] []
2025-11-27 13:06:54 -04:00 > INFO > BUY_ORDER: wc-6xxxxxxxx3688 => La transacción fue procesada anteriormente. => data: {"id":"60","order_id":"3688","buy_order":"wc-6xxxxxxxx3688","child_buy_order":null,"commerce_code":"5970xxxx8900","child_commerce_code":"","amount":"19780","token":"1131b41ecf337d0742ca3e8084375d9444ddfec50f7cb8a24a321721bfa95040","transbank_status":"AUTHORIZED","session_id":"wc:sessionId:69xxxxxxxxxxxxx3688","status":"approved","transbank_response":"{\"vci\":\"TSY\",\"status\":\"AUTHORIZED\",\"responseCode\":0,\"amount\":19780,\"authorizationCode\":\"062366\",\"paymentTypeCode\":\"VN\",\"accountingDate\":\"1127\",\"installmentsNumber\":0,\"installmentsAmount\":null,\"sessionId\":\"wc:sessionId:69288484b0d4c:3688\",\"buyOrder\":\"wc-66181796-3688\",\"cardNumber\":\"3331\",\"cardDetail\":{\"card_number\":\"3331\"},\"transactionDate\":\"2025-11-27T17:04:04.929Z\",\"balance\":null}","last_refund_type":null,"last_refund_response":null,"product":"webpay_plus","environment":"LIVE","error":null,"detail_error":null,"created_at":"2025-11-27 14:04:04","commerceCode":"5970xxxx8900"} [] []
2025-11-27 13:07:18 -04:00 > INFO > Procesando retorno desde formulario de Webpay. [] []
2025-11-27 13:07:18 -04:00 > INFO > Request: method -> GET [] []
2025-11-27 13:07:18 -04:00 > INFO > Request: payload -> {"wc-api":"wc_gateway_transbank_webpay_plus_rest","token_ws":"1131b41ecf337d0742ca3e8084375d9444ddfec50f7cb8a24a321721bfa95040"} [] []
2025-11-27 13:07:18 -04:00 > INFO > Flujo normal detectado, token: 1131b41ecf337d0742ca3e8084375d9444ddfec50f7cb8a24a321721bfa95040 [] []
2025-11-27 13:07:18 -04:00 > INFO > BUY_ORDER: wc-6xxxxxxxx3688 => La transacción fue procesada anteriormente. => data: {"id":"60","order_id":"3688","buy_order":"wc-6xxxxxxxx3688","child_buy_order":null,"commerce_code":"5970xxxx8900","child_commerce_code":"","amount":"19780","token":"1131b41ecf337d0742ca3e8084375d9444ddfec50f7cb8a24a321721bfa95040","transbank_status":"AUTHORIZED","session_id":"wc:sessionId:69xxxxxxxxxxxxx3688","status":"approved","transbank_response":"{\"vci\":\"TSY\",\"status\":\"AUTHORIZED\",\"responseCode\":0,\"amount\":19780,\"authorizationCode\":\"062366\",\"paymentTypeCode\":\"VN\",\"accountingDate\":\"1127\",\"installmentsNumber\":0,\"installmentsAmount\":null,\"sessionId\":\"wc:sessionId:69288484b0d4c:3688\",\"buyOrder\":\"wc-66181796-3688\",\"cardNumber\":\"3331\",\"cardDetail\":{\"card_number\":\"3331\"},\"transactionDate\":\"2025-11-27T17:04:04.929Z\",\"balance\":null}","last_refund_type":null,"last_refund_response":null,"product":"webpay_plus","environment":"LIVE","error":null,"detail_error":null,"created_at":"2025-11-27 14:04:04","commerceCode":"5970xxxx8900"} [] []
