2025-04-24 12:13:36 -04:00 > INFO > BUY_ORDER: wc:cexxxxxxxxxxxxxxxxxx3554 => Preparando datos antes de crear la transacción en la base de datos => data: {"sessionId":"wc:sessionId:68xxxxxxxxxxxxx3554","amount":43780,"returnUrl":"https:\/\/www.farmanostica.cl\/?wc-api=wc_gateway_transbank_webpay_plus_rest","environment":"LIVE","commerceCode":"5970xxxx8900"} [] []
2025-04-24 12:13:36 -04:00 > INFO > BUY_ORDER: wc:cexxxxxxxxxxxxxxxxxx3554 => Transacción creada en la base de datos con estado "prepared" => data: {"sessionId":"wc:sessionId:68xxxxxxxxxxxxx3554","amount":43780,"returnUrl":"https:\/\/www.farmanostica.cl\/?wc-api=wc_gateway_transbank_webpay_plus_rest","environment":"LIVE","commerceCode":"5970xxxx8900"} [] []
2025-04-24 12:13:36 -04:00 > INFO > BUY_ORDER: wc:cexxxxxxxxxxxxxxxxxx3554 => Preparando datos antes de crear la transacción en Transbank => data: {"sessionId":"wc:sessionId:68xxxxxxxxxxxxx3554","amount":43780,"returnUrl":"https:\/\/www.farmanostica.cl\/?wc-api=wc_gateway_transbank_webpay_plus_rest","environment":"LIVE","commerceCode":"5970xxxx8900"} [] []
2025-04-24 12:13:36 -04:00 > INFO > ORDER_ID: 3554 [] []
2025-04-24 12:13:36 -04:00 > INFO > INPUT: {"sessionId":"wc:sessionId:68xxxxxxxxxxxxx3554","amount":43780,"returnUrl":"https:\/\/www.farmanostica.cl\/?wc-api=wc_gateway_transbank_webpay_plus_rest"} => RESPONSE: {"token":"1131cb8c7268b78fe45ef707649673131568630452d68fa18456feb3fe582f33","url":"https:\/\/webpay3g.transbank.cl:443\/webpayserver\/initTransaction"} [] []
2025-04-24 12:13:36 -04:00 > INFO > BUY_ORDER: wc:cexxxxxxxxxxxxxxxxxx3554 => Transacción actualizada en la base de datos con estado "initialized" => data: {"sessionId":"wc:sessionId:68xxxxxxxxxxxxx3554","amount":43780,"returnUrl":"https:\/\/www.farmanostica.cl\/?wc-api=wc_gateway_transbank_webpay_plus_rest","environment":"LIVE","commerceCode":"5970xxxx8900"} [] []
2025-04-24 12:14:53 -04:00 > INFO > Procesando retorno desde formulario de Webpay. [] []
2025-04-24 12:14:53 -04:00 > INFO > Request: method -> GET [] []
2025-04-24 12:14:53 -04:00 > INFO > Request: payload -> {"wc-api":"wc_gateway_transbank_webpay_plus_rest","token_ws":"1131cb8c7268b78fe45ef707649673131568630452d68fa18456feb3fe582f33"} [] []
2025-04-24 12:14:53 -04:00 > INFO > Flujo normal detectado, token: 1131cb8c7268b78fe45ef707649673131568630452d68fa18456feb3fe582f33 [] []
2025-04-24 12:14:53 -04:00 > INFO > BUY_ORDER: wc:cexxxxxxxxxxxxxxxxxx3554 => Preparando datos antes de hacer commit a la transacción en Transbank => data: {"token":"1131cb8c7268b78fe45ef707649673131568630452d68fa18456feb3fe582f33","environment":"LIVE","commerceCode":"5970xxxx8900"} [] []
2025-04-24 12:14:54 -04:00 > INFO > ORDER_ID: 3554 [] []
2025-04-24 12:14:54 -04:00 > INFO > INPUT: {"token":"1131cb8c7268b78fe45ef707649673131568630452d68fa18456feb3fe582f33"} => RESPONSE: {"vci":"TSY","status":"FAILED","responseCode":-3,"amount":43780,"authorizationCode":"000000","paymentTypeCode":"VD","accountingDate":"0424","installmentsNumber":0,"installmentsAmount":null,"sessionId":"wc:sessionId:68xxxxxxxxxxxxx3554","buyOrder":"wc:cexxxxxxxxxxxxxxxxxx3554","cardNumber":"7281","cardDetail":{"card_number":"7281"},"transactionDate":"2025-04-24T16:13:36.921Z","balance":null} [] []
2025-04-24 12:14:54 -04:00 > ERROR > ORDER_ID: 3554, SERVICE: commit [] []
2025-04-24 12:14:54 -04:00 > ERROR > INPUT: {"token":"1131cb8c7268b78fe45ef707649673131568630452d68fa18456feb3fe582f33"} => EXCEPTION: RejectedCommitWebpayException , ERROR: El commit de la transacción ha sido rechazada en Transbank (código de respuesta: -3) [] []
2025-04-24 12:14:55 -04:00 > ERROR > C.5. Respuesta de tbk commit fallido => token: 1131cb8c7268b78fe45ef707649673131568630452d68fa18456feb3fe582f33 [] []
2025-04-24 12:14:55 -04:00 > ERROR > {"vci":"TSY","status":"FAILED","responseCode":-3,"amount":43780,"authorizationCode":"000000","paymentTypeCode":"VD","accountingDate":"0424","installmentsNumber":0,"installmentsAmount":null,"sessionId":"wc:sessionId:680a6330b7d8d:3554","buyOrder":"wc:ce1f4c031ff7b4a54c:3554","cardNumber":"7281","cardDetail":{"card_number":"7281"},"transactionDate":"2025-04-24T16:13:36.921Z","balance":null} [] []
2025-04-24 14:20:14 -04:00 > INFO > BUY_ORDER: wc:f9xxxxxxxxxxxxxxxxxx3554 => Preparando datos antes de crear la transacción en la base de datos => data: {"sessionId":"wc:sessionId:68xxxxxxxxxxxxx3554","amount":43780,"returnUrl":"https:\/\/www.farmanostica.cl\/?wc-api=wc_gateway_transbank_webpay_plus_rest","environment":"LIVE","commerceCode":"5970xxxx8900"} [] []
2025-04-24 14:20:14 -04:00 > INFO > BUY_ORDER: wc:f9xxxxxxxxxxxxxxxxxx3554 => Transacción creada en la base de datos con estado "prepared" => data: {"sessionId":"wc:sessionId:68xxxxxxxxxxxxx3554","amount":43780,"returnUrl":"https:\/\/www.farmanostica.cl\/?wc-api=wc_gateway_transbank_webpay_plus_rest","environment":"LIVE","commerceCode":"5970xxxx8900"} [] []
2025-04-24 14:20:14 -04:00 > INFO > BUY_ORDER: wc:f9xxxxxxxxxxxxxxxxxx3554 => Preparando datos antes de crear la transacción en Transbank => data: {"sessionId":"wc:sessionId:68xxxxxxxxxxxxx3554","amount":43780,"returnUrl":"https:\/\/www.farmanostica.cl\/?wc-api=wc_gateway_transbank_webpay_plus_rest","environment":"LIVE","commerceCode":"5970xxxx8900"} [] []
2025-04-24 14:20:15 -04:00 > INFO > ORDER_ID: 3554 [] []
2025-04-24 14:20:15 -04:00 > INFO > INPUT: {"sessionId":"wc:sessionId:68xxxxxxxxxxxxx3554","amount":43780,"returnUrl":"https:\/\/www.farmanostica.cl\/?wc-api=wc_gateway_transbank_webpay_plus_rest"} => RESPONSE: {"token":"1231414c52b6be5d2456c6db0e1081f9fbd53d3a420b79dff613acf0eaa6588c","url":"https:\/\/webpay3g.transbank.cl:443\/webpayserver\/initTransaction"} [] []
2025-04-24 14:20:15 -04:00 > INFO > BUY_ORDER: wc:f9xxxxxxxxxxxxxxxxxx3554 => Transacción actualizada en la base de datos con estado "initialized" => data: {"sessionId":"wc:sessionId:68xxxxxxxxxxxxx3554","amount":43780,"returnUrl":"https:\/\/www.farmanostica.cl\/?wc-api=wc_gateway_transbank_webpay_plus_rest","environment":"LIVE","commerceCode":"5970xxxx8900"} [] []
2025-04-24 14:21:23 -04:00 > INFO > Procesando retorno desde formulario de Webpay. [] []
2025-04-24 14:21:23 -04:00 > INFO > Request: method -> GET [] []
2025-04-24 14:21:23 -04:00 > INFO > Request: payload -> {"wc-api":"wc_gateway_transbank_webpay_plus_rest","token_ws":"1231414c52b6be5d2456c6db0e1081f9fbd53d3a420b79dff613acf0eaa6588c"} [] []
2025-04-24 14:21:23 -04:00 > INFO > Flujo normal detectado, token: 1231414c52b6be5d2456c6db0e1081f9fbd53d3a420b79dff613acf0eaa6588c [] []
2025-04-24 14:21:23 -04:00 > INFO > BUY_ORDER: wc:f9xxxxxxxxxxxxxxxxxx3554 => Preparando datos antes de hacer commit a la transacción en Transbank => data: {"token":"1231414c52b6be5d2456c6db0e1081f9fbd53d3a420b79dff613acf0eaa6588c","environment":"LIVE","commerceCode":"5970xxxx8900"} [] []
2025-04-24 14:21:25 -04:00 > INFO > ORDER_ID: 3554 [] []
2025-04-24 14:21:25 -04:00 > INFO > INPUT: {"token":"1231414c52b6be5d2456c6db0e1081f9fbd53d3a420b79dff613acf0eaa6588c"} => RESPONSE: {"vci":"TSY","status":"AUTHORIZED","responseCode":0,"amount":43780,"authorizationCode":"498819","paymentTypeCode":"VD","accountingDate":"0424","installmentsNumber":0,"installmentsAmount":null,"sessionId":"wc:sessionId:68xxxxxxxxxxxxx3554","buyOrder":"wc:f9xxxxxxxxxxxxxxxxxx3554","cardNumber":"7281","cardDetail":{"card_number":"7281"},"transactionDate":"2025-04-24T18:20:15.114Z","balance":null} [] []
2025-04-24 14:21:25 -04:00 > INFO > BUY_ORDER: wc:f9xxxxxxxxxxxxxxxxxx3554 => ***** COMMIT TBK OK ***** SI NO SE ENCUENTRA VALIDACION POR WooCommerce DEBE ANULARSE => data: {"token":"1231414c52b6be5d2456c6db0e1081f9fbd53d3a420b79dff613acf0eaa6588c","response":{"vci":"TSY","status":"AUTHORIZED","responseCode":0,"amount":43780,"authorizationCode":"498819","paymentTypeCode":"VD","accountingDate":"0424","installmentsNumber":0,"installmentsAmount":null,"sessionId":"wc:sessionId:68xxxxxxxxxxxxx3554","buyOrder":"wc:f9xxxxxxxxxxxxxxxxxx3554","cardNumber":"7281","cardDetail":{"card_number":"7281"},"transactionDate":"2025-04-24T18:20:15.114Z","balance":null},"environment":"LIVE","commerceCode":"5970xxxx8900"} [] []
2025-04-24 14:21:25 -04:00 > INFO > C.5. Transacción con commit exitoso en Transbank y guardado => OC: wc:f9xxxxxxxxxxxxxxxxxx3554 [] []
