2024-12-05 23:33:22 -04:00 > INFO > BUY_ORDER: wc:09xxxxxxxxxxxxxxxxxx3442 => Preparando datos antes de crear la transacción en la base de datos => data: {"sessionId":"wc:sessionId:67xxxxxxxxxxxxx3442","amount":19005,"returnUrl":"https:\/\/www.farmanostica.cl\/?wc-api=wc_gateway_transbank_webpay_plus_rest","environment":"LIVE","commerceCode":"5970xxxx8900"} [] []
2024-12-05 23:33:22 -04:00 > INFO > BUY_ORDER: wc:09xxxxxxxxxxxxxxxxxx3442 => Transacción creada en la base de datos con estado "prepared" => data: {"sessionId":"wc:sessionId:67xxxxxxxxxxxxx3442","amount":19005,"returnUrl":"https:\/\/www.farmanostica.cl\/?wc-api=wc_gateway_transbank_webpay_plus_rest","environment":"LIVE","commerceCode":"5970xxxx8900"} [] []
2024-12-05 23:33:22 -04:00 > INFO > BUY_ORDER: wc:09xxxxxxxxxxxxxxxxxx3442 => Preparando datos antes de crear la transacción en Transbank => data: {"sessionId":"wc:sessionId:67xxxxxxxxxxxxx3442","amount":19005,"returnUrl":"https:\/\/www.farmanostica.cl\/?wc-api=wc_gateway_transbank_webpay_plus_rest","environment":"LIVE","commerceCode":"5970xxxx8900"} [] []
2024-12-05 23:33:22 -04:00 > INFO > ORDER_ID: 3442 [] []
2024-12-05 23:33:22 -04:00 > INFO > INPUT: {"sessionId":"wc:sessionId:67xxxxxxxxxxxxx3442","amount":19005,"returnUrl":"https:\/\/www.farmanostica.cl\/?wc-api=wc_gateway_transbank_webpay_plus_rest"} => RESPONSE: {"token":"11319879e92c8a912dfdfacced4537ff8f022fd4223b9f119ad4e4cd31ffd145","url":"https:\/\/webpay3g.transbank.cl:443\/webpayserver\/initTransaction"} [] []
2024-12-05 23:33:22 -04:00 > INFO > BUY_ORDER: wc:09xxxxxxxxxxxxxxxxxx3442 => Transacción actualizada en la base de datos con estado "initialized" => data: {"sessionId":"wc:sessionId:67xxxxxxxxxxxxx3442","amount":19005,"returnUrl":"https:\/\/www.farmanostica.cl\/?wc-api=wc_gateway_transbank_webpay_plus_rest","environment":"LIVE","commerceCode":"5970xxxx8900"} [] []
2024-12-05 23:38:02 -04:00 > INFO > Procesando retorno desde formulario de Webpay. [] []
2024-12-05 23:38:02 -04:00 > INFO > Request: method -> GET [] []
2024-12-05 23:38:02 -04:00 > INFO > Request: payload -> {"wc-api":"wc_gateway_transbank_webpay_plus_rest","TBK_ORDEN_COMPRA":"wc:091a78f406671e8394:3442","TBK_ID_SESION":"wc:sessionId:675270826d2ce:3442"} [] []
2024-12-05 23:38:02 -04:00 > INFO > Flujo de timeout detectado, sessionId: wc:sessionId:675270826d2ce:3442, buyOrder: wc:091a78f406671e8394:3442 [] []
2024-12-05 23:38:02 -04:00 > ERROR > ORDER_ID: 3442, SERVICE: commit [] []
2024-12-05 23:38:02 -04:00 > ERROR > INPUT: {"TBK_ID_SESION":"wc:sessionId:67xxxxxxxxxxxxx3442","TBK_ORDEN_COMPRA":"wc:09xxxxxxxxxxxxxxxxxx3442"} => EXCEPTION: TimeoutWebpayException , ERROR: Tiempo excedido en el formulario de Webpay. [] []
2024-12-05 23:38:12 -04:00 > INFO > Procesando retorno desde formulario de Webpay. [] []
2024-12-05 23:38:12 -04:00 > INFO > Request: method -> GET [] []
2024-12-05 23:38:12 -04:00 > INFO > Request: payload -> {"wc-api":"wc_gateway_transbank_webpay_plus_rest"} [] []
2024-12-05 23:39:40 -04:00 > INFO > BUY_ORDER: wc:a4xxxxxxxxxxxxxxxxxx3442 => Preparando datos antes de crear la transacción en la base de datos => data: {"sessionId":"wc:sessionId:67xxxxxxxxxxxxx3442","amount":19005,"returnUrl":"https:\/\/www.farmanostica.cl\/?wc-api=wc_gateway_transbank_webpay_plus_rest","environment":"LIVE","commerceCode":"5970xxxx8900"} [] []
2024-12-05 23:39:40 -04:00 > INFO > BUY_ORDER: wc:a4xxxxxxxxxxxxxxxxxx3442 => Transacción creada en la base de datos con estado "prepared" => data: {"sessionId":"wc:sessionId:67xxxxxxxxxxxxx3442","amount":19005,"returnUrl":"https:\/\/www.farmanostica.cl\/?wc-api=wc_gateway_transbank_webpay_plus_rest","environment":"LIVE","commerceCode":"5970xxxx8900"} [] []
2024-12-05 23:39:40 -04:00 > INFO > BUY_ORDER: wc:a4xxxxxxxxxxxxxxxxxx3442 => Preparando datos antes de crear la transacción en Transbank => data: {"sessionId":"wc:sessionId:67xxxxxxxxxxxxx3442","amount":19005,"returnUrl":"https:\/\/www.farmanostica.cl\/?wc-api=wc_gateway_transbank_webpay_plus_rest","environment":"LIVE","commerceCode":"5970xxxx8900"} [] []
2024-12-05 23:39:41 -04:00 > INFO > ORDER_ID: 3442 [] []
2024-12-05 23:39:41 -04:00 > INFO > INPUT: {"sessionId":"wc:sessionId:67xxxxxxxxxxxxx3442","amount":19005,"returnUrl":"https:\/\/www.farmanostica.cl\/?wc-api=wc_gateway_transbank_webpay_plus_rest"} => RESPONSE: {"token":"1231128be21902e3c261e8efb1a9fd3a6c6cf96b504e633f1a1bdaa088cf4924","url":"https:\/\/webpay3g.transbank.cl:443\/webpayserver\/initTransaction"} [] []
2024-12-05 23:39:41 -04:00 > INFO > BUY_ORDER: wc:a4xxxxxxxxxxxxxxxxxx3442 => Transacción actualizada en la base de datos con estado "initialized" => data: {"sessionId":"wc:sessionId:67xxxxxxxxxxxxx3442","amount":19005,"returnUrl":"https:\/\/www.farmanostica.cl\/?wc-api=wc_gateway_transbank_webpay_plus_rest","environment":"LIVE","commerceCode":"5970xxxx8900"} [] []
