2024-12-17 06:46:19 -04:00 > INFO > BUY_ORDER: wc:c1xxxxxxxxxxxxxxxxxx3446 => Preparando datos antes de crear la transacción en la base de datos => data: {"sessionId":"wc:sessionId:67xxxxxxxxxxxxx3446","amount":25990,"returnUrl":"https:\/\/www.farmanostica.cl\/?wc-api=wc_gateway_transbank_webpay_plus_rest","environment":"LIVE","commerceCode":"5970xxxx8900"} [] []
2024-12-17 06:46:20 -04:00 > INFO > BUY_ORDER: wc:c1xxxxxxxxxxxxxxxxxx3446 => Transacción creada en la base de datos con estado "prepared" => data: {"sessionId":"wc:sessionId:67xxxxxxxxxxxxx3446","amount":25990,"returnUrl":"https:\/\/www.farmanostica.cl\/?wc-api=wc_gateway_transbank_webpay_plus_rest","environment":"LIVE","commerceCode":"5970xxxx8900"} [] []
2024-12-17 06:46:20 -04:00 > INFO > BUY_ORDER: wc:c1xxxxxxxxxxxxxxxxxx3446 => Preparando datos antes de crear la transacción en Transbank => data: {"sessionId":"wc:sessionId:67xxxxxxxxxxxxx3446","amount":25990,"returnUrl":"https:\/\/www.farmanostica.cl\/?wc-api=wc_gateway_transbank_webpay_plus_rest","environment":"LIVE","commerceCode":"5970xxxx8900"} [] []
2024-12-17 06:46:20 -04:00 > INFO > ORDER_ID: 3446 [] []
2024-12-17 06:46:20 -04:00 > INFO > INPUT: {"sessionId":"wc:sessionId:67xxxxxxxxxxxxx3446","amount":25990,"returnUrl":"https:\/\/www.farmanostica.cl\/?wc-api=wc_gateway_transbank_webpay_plus_rest"} => RESPONSE: {"token":"11312dc4a1befe45edf01ece5b61e4b41e1573070a5a92c7f17446abb25a705d","url":"https:\/\/webpay3g.transbank.cl:443\/webpayserver\/initTransaction"} [] []
2024-12-17 06:46:20 -04:00 > INFO > BUY_ORDER: wc:c1xxxxxxxxxxxxxxxxxx3446 => Transacción actualizada en la base de datos con estado "initialized" => data: {"sessionId":"wc:sessionId:67xxxxxxxxxxxxx3446","amount":25990,"returnUrl":"https:\/\/www.farmanostica.cl\/?wc-api=wc_gateway_transbank_webpay_plus_rest","environment":"LIVE","commerceCode":"5970xxxx8900"} [] []
2024-12-17 11:19:34 -04:00 > INFO > BUY_ORDER: wc:a6xxxxxxxxxxxxxxxxxx3452 => Preparando datos antes de crear la transacción en la base de datos => data: {"sessionId":"wc:sessionId:67xxxxxxxxxxxxx3452","amount":19005,"returnUrl":"https:\/\/www.farmanostica.cl\/?wc-api=wc_gateway_transbank_webpay_plus_rest","environment":"LIVE","commerceCode":"5970xxxx8900"} [] []
2024-12-17 11:19:34 -04:00 > INFO > BUY_ORDER: wc:a6xxxxxxxxxxxxxxxxxx3452 => Transacción creada en la base de datos con estado "prepared" => data: {"sessionId":"wc:sessionId:67xxxxxxxxxxxxx3452","amount":19005,"returnUrl":"https:\/\/www.farmanostica.cl\/?wc-api=wc_gateway_transbank_webpay_plus_rest","environment":"LIVE","commerceCode":"5970xxxx8900"} [] []
2024-12-17 11:19:34 -04:00 > INFO > BUY_ORDER: wc:a6xxxxxxxxxxxxxxxxxx3452 => Preparando datos antes de crear la transacción en Transbank => data: {"sessionId":"wc:sessionId:67xxxxxxxxxxxxx3452","amount":19005,"returnUrl":"https:\/\/www.farmanostica.cl\/?wc-api=wc_gateway_transbank_webpay_plus_rest","environment":"LIVE","commerceCode":"5970xxxx8900"} [] []
2024-12-17 11:19:34 -04:00 > INFO > ORDER_ID: 3452 [] []
2024-12-17 11:19:34 -04:00 > INFO > INPUT: {"sessionId":"wc:sessionId:67xxxxxxxxxxxxx3452","amount":19005,"returnUrl":"https:\/\/www.farmanostica.cl\/?wc-api=wc_gateway_transbank_webpay_plus_rest"} => RESPONSE: {"token":"1231e7b272719d5a8c18c9a2cedd2fdb758d752a9a94298fd3105ffb955c9ea9","url":"https:\/\/webpay3g.transbank.cl:443\/webpayserver\/initTransaction"} [] []
2024-12-17 11:19:34 -04:00 > INFO > BUY_ORDER: wc:a6xxxxxxxxxxxxxxxxxx3452 => Transacción actualizada en la base de datos con estado "initialized" => data: {"sessionId":"wc:sessionId:67xxxxxxxxxxxxx3452","amount":19005,"returnUrl":"https:\/\/www.farmanostica.cl\/?wc-api=wc_gateway_transbank_webpay_plus_rest","environment":"LIVE","commerceCode":"5970xxxx8900"} [] []
2024-12-17 11:23:43 -04:00 > INFO > Procesando retorno desde formulario de Webpay. [] []
2024-12-17 11:23:43 -04:00 > INFO > Request: method -> GET [] []
2024-12-17 11:23:43 -04:00 > INFO > Request: payload -> {"wc-api":"wc_gateway_transbank_webpay_plus_rest","TBK_ORDEN_COMPRA":"wc:a616663b366f61833c:3452","TBK_ID_SESION":"wc:sessionId:676196863255f:3452"} [] []
2024-12-17 11:23:43 -04:00 > INFO > Flujo de timeout detectado, sessionId: wc:sessionId:676196863255f:3452, buyOrder: wc:a616663b366f61833c:3452 [] []
2024-12-17 11:23:43 -04:00 > ERROR > ORDER_ID: 3452, SERVICE: commit [] []
2024-12-17 11:23:43 -04:00 > ERROR > INPUT: {"TBK_ID_SESION":"wc:sessionId:67xxxxxxxxxxxxx3452","TBK_ORDEN_COMPRA":"wc:a6xxxxxxxxxxxxxxxxxx3452"} => EXCEPTION: TimeoutWebpayException , ERROR: Tiempo excedido en el formulario de Webpay. [] []
2024-12-17 11:24:13 -04:00 > INFO > BUY_ORDER: wc:a2xxxxxxxxxxxxxxxxxx3452 => Preparando datos antes de crear la transacción en la base de datos => data: {"sessionId":"wc:sessionId:67xxxxxxxxxxxxx3452","amount":19005,"returnUrl":"https:\/\/www.farmanostica.cl\/?wc-api=wc_gateway_transbank_webpay_plus_rest","environment":"LIVE","commerceCode":"5970xxxx8900"} [] []
2024-12-17 11:24:13 -04:00 > INFO > BUY_ORDER: wc:a2xxxxxxxxxxxxxxxxxx3452 => Transacción creada en la base de datos con estado "prepared" => data: {"sessionId":"wc:sessionId:67xxxxxxxxxxxxx3452","amount":19005,"returnUrl":"https:\/\/www.farmanostica.cl\/?wc-api=wc_gateway_transbank_webpay_plus_rest","environment":"LIVE","commerceCode":"5970xxxx8900"} [] []
2024-12-17 11:24:13 -04:00 > INFO > BUY_ORDER: wc:a2xxxxxxxxxxxxxxxxxx3452 => Preparando datos antes de crear la transacción en Transbank => data: {"sessionId":"wc:sessionId:67xxxxxxxxxxxxx3452","amount":19005,"returnUrl":"https:\/\/www.farmanostica.cl\/?wc-api=wc_gateway_transbank_webpay_plus_rest","environment":"LIVE","commerceCode":"5970xxxx8900"} [] []
2024-12-17 11:24:13 -04:00 > INFO > ORDER_ID: 3452 [] []
2024-12-17 11:24:13 -04:00 > INFO > INPUT: {"sessionId":"wc:sessionId:67xxxxxxxxxxxxx3452","amount":19005,"returnUrl":"https:\/\/www.farmanostica.cl\/?wc-api=wc_gateway_transbank_webpay_plus_rest"} => RESPONSE: {"token":"123122d74ff7fff808b67736292191f96946e7f4fec7cfa46e7f1884520d18d9","url":"https:\/\/webpay3g.transbank.cl:443\/webpayserver\/initTransaction"} [] []
2024-12-17 11:24:13 -04:00 > INFO > BUY_ORDER: wc:a2xxxxxxxxxxxxxxxxxx3452 => Transacción actualizada en la base de datos con estado "initialized" => data: {"sessionId":"wc:sessionId:67xxxxxxxxxxxxx3452","amount":19005,"returnUrl":"https:\/\/www.farmanostica.cl\/?wc-api=wc_gateway_transbank_webpay_plus_rest","environment":"LIVE","commerceCode":"5970xxxx8900"} [] []
2024-12-17 11:27:03 -04:00 > INFO > Procesando retorno desde formulario de Webpay. [] []
2024-12-17 11:27:03 -04:00 > INFO > Request: method -> GET [] []
2024-12-17 11:27:03 -04:00 > INFO > Request: payload -> {"wc-api":"wc_gateway_transbank_webpay_plus_rest","token_ws":"123122d74ff7fff808b67736292191f96946e7f4fec7cfa46e7f1884520d18d9"} [] []
2024-12-17 11:27:03 -04:00 > INFO > Flujo normal detectado, token: 123122d74ff7fff808b67736292191f96946e7f4fec7cfa46e7f1884520d18d9 [] []
2024-12-17 11:27:03 -04:00 > INFO > BUY_ORDER: wc:a2xxxxxxxxxxxxxxxxxx3452 => Preparando datos antes de hacer commit a la transacción en Transbank => data: {"token":"123122d74ff7fff808b67736292191f96946e7f4fec7cfa46e7f1884520d18d9","environment":"LIVE","commerceCode":"5970xxxx8900"} [] []
2024-12-17 11:27:04 -04:00 > INFO > ORDER_ID: 3452 [] []
2024-12-17 11:27:04 -04:00 > INFO > INPUT: {"token":"123122d74ff7fff808b67736292191f96946e7f4fec7cfa46e7f1884520d18d9"} => RESPONSE: {"vci":"TSY","status":"AUTHORIZED","responseCode":0,"amount":19005,"authorizationCode":"005154","paymentTypeCode":"VD","accountingDate":"1217","installmentsNumber":0,"installmentsAmount":null,"sessionId":"wc:sessionId:67xxxxxxxxxxxxx3452","buyOrder":"wc:a2xxxxxxxxxxxxxxxxxx3452","cardNumber":"4949","cardDetail":{"card_number":"4949"},"transactionDate":"2024-12-17T15:24:13.846Z","balance":null} [] []
2024-12-17 11:27:04 -04:00 > INFO > BUY_ORDER: wc:a2xxxxxxxxxxxxxxxxxx3452 => ***** COMMIT TBK OK ***** SI NO SE ENCUENTRA VALIDACION POR WooCommerce DEBE ANULARSE => data: {"token":"123122d74ff7fff808b67736292191f96946e7f4fec7cfa46e7f1884520d18d9","response":{"vci":"TSY","status":"AUTHORIZED","responseCode":0,"amount":19005,"authorizationCode":"005154","paymentTypeCode":"VD","accountingDate":"1217","installmentsNumber":0,"installmentsAmount":null,"sessionId":"wc:sessionId:67xxxxxxxxxxxxx3452","buyOrder":"wc:a2xxxxxxxxxxxxxxxxxx3452","cardNumber":"4949","cardDetail":{"card_number":"4949"},"transactionDate":"2024-12-17T15:24:13.846Z","balance":null},"environment":"LIVE","commerceCode":"5970xxxx8900"} [] []
2024-12-17 11:27:04 -04:00 > INFO > C.5. Transacción con commit exitoso en Transbank y guardado => OC: wc:a2xxxxxxxxxxxxxxxxxx3452 [] []
