2025-04-28 13:43:49 -04:00 > INFO > BUY_ORDER: wc:35xxxxxxxxxxxxxxxxxx3555 => Preparando datos antes de crear la transacción en la base de datos => data: {"sessionId":"wc:sessionId:68xxxxxxxxxxxxx3555","amount":29790,"returnUrl":"https:\/\/www.farmanostica.cl\/?wc-api=wc_gateway_transbank_webpay_plus_rest","environment":"LIVE","commerceCode":"5970xxxx8900"} [] []
2025-04-28 13:43:49 -04:00 > INFO > BUY_ORDER: wc:35xxxxxxxxxxxxxxxxxx3555 => Transacción creada en la base de datos con estado "prepared" => data: {"sessionId":"wc:sessionId:68xxxxxxxxxxxxx3555","amount":29790,"returnUrl":"https:\/\/www.farmanostica.cl\/?wc-api=wc_gateway_transbank_webpay_plus_rest","environment":"LIVE","commerceCode":"5970xxxx8900"} [] []
2025-04-28 13:43:49 -04:00 > INFO > BUY_ORDER: wc:35xxxxxxxxxxxxxxxxxx3555 => Preparando datos antes de crear la transacción en Transbank => data: {"sessionId":"wc:sessionId:68xxxxxxxxxxxxx3555","amount":29790,"returnUrl":"https:\/\/www.farmanostica.cl\/?wc-api=wc_gateway_transbank_webpay_plus_rest","environment":"LIVE","commerceCode":"5970xxxx8900"} [] []
2025-04-28 13:43:49 -04:00 > INFO > ORDER_ID: 3555 [] []
2025-04-28 13:43:49 -04:00 > INFO > INPUT: {"sessionId":"wc:sessionId:68xxxxxxxxxxxxx3555","amount":29790,"returnUrl":"https:\/\/www.farmanostica.cl\/?wc-api=wc_gateway_transbank_webpay_plus_rest"} => RESPONSE: {"token":"1131756ea4aad5a4da76014cd43baf03a2c2e342a50060e8315c3b3509cc253d","url":"https:\/\/webpay3g.transbank.cl:443\/webpayserver\/initTransaction"} [] []
2025-04-28 13:43:49 -04:00 > INFO > BUY_ORDER: wc:35xxxxxxxxxxxxxxxxxx3555 => Transacción actualizada en la base de datos con estado "initialized" => data: {"sessionId":"wc:sessionId:68xxxxxxxxxxxxx3555","amount":29790,"returnUrl":"https:\/\/www.farmanostica.cl\/?wc-api=wc_gateway_transbank_webpay_plus_rest","environment":"LIVE","commerceCode":"5970xxxx8900"} [] []
2025-04-28 13:45:08 -04:00 > INFO > Procesando retorno desde formulario de Webpay. [] []
2025-04-28 13:45:08 -04:00 > INFO > Request: method -> GET [] []
2025-04-28 13:45:08 -04:00 > INFO > Request: payload -> {"wc-api":"wc_gateway_transbank_webpay_plus_rest","token_ws":"1131756ea4aad5a4da76014cd43baf03a2c2e342a50060e8315c3b3509cc253d"} [] []
2025-04-28 13:45:08 -04:00 > INFO > Flujo normal detectado, token: 1131756ea4aad5a4da76014cd43baf03a2c2e342a50060e8315c3b3509cc253d [] []
2025-04-28 13:45:08 -04:00 > INFO > BUY_ORDER: wc:35xxxxxxxxxxxxxxxxxx3555 => Preparando datos antes de hacer commit a la transacción en Transbank => data: {"token":"1131756ea4aad5a4da76014cd43baf03a2c2e342a50060e8315c3b3509cc253d","environment":"LIVE","commerceCode":"5970xxxx8900"} [] []
2025-04-28 13:45:09 -04:00 > INFO > ORDER_ID: 3555 [] []
2025-04-28 13:45:09 -04:00 > INFO > INPUT: {"token":"1131756ea4aad5a4da76014cd43baf03a2c2e342a50060e8315c3b3509cc253d"} => RESPONSE: {"vci":"TSY","status":"FAILED","responseCode":-10,"amount":29790,"authorizationCode":"000000","paymentTypeCode":"VD","accountingDate":"0428","installmentsNumber":0,"installmentsAmount":null,"sessionId":"wc:sessionId:68xxxxxxxxxxxxx3555","buyOrder":"wc:35xxxxxxxxxxxxxxxxxx3555","cardNumber":"5801","cardDetail":{"card_number":"5801"},"transactionDate":"2025-04-28T17:43:49.841Z","balance":null} [] []
2025-04-28 13:45:09 -04:00 > ERROR > ORDER_ID: 3555, SERVICE: commit [] []
2025-04-28 13:45:09 -04:00 > ERROR > INPUT: {"token":"1131756ea4aad5a4da76014cd43baf03a2c2e342a50060e8315c3b3509cc253d"} => EXCEPTION: RejectedCommitWebpayException , ERROR: El commit de la transacción ha sido rechazada en Transbank (código de respuesta: -10) [] []
2025-04-28 13:45:10 -04:00 > ERROR > C.5. Respuesta de tbk commit fallido => token: 1131756ea4aad5a4da76014cd43baf03a2c2e342a50060e8315c3b3509cc253d [] []
2025-04-28 13:45:10 -04:00 > ERROR > {"vci":"TSY","status":"FAILED","responseCode":-10,"amount":29790,"authorizationCode":"000000","paymentTypeCode":"VD","accountingDate":"0428","installmentsNumber":0,"installmentsAmount":null,"sessionId":"wc:sessionId:680fbe5596d8b:3555","buyOrder":"wc:357bd125922796c483:3555","cardNumber":"5801","cardDetail":{"card_number":"5801"},"transactionDate":"2025-04-28T17:43:49.841Z","balance":null} [] []
2025-04-28 13:45:37 -04:00 > INFO > BUY_ORDER: wc:57xxxxxxxxxxxxxxxxxx3555 => Preparando datos antes de crear la transacción en la base de datos => data: {"sessionId":"wc:sessionId:68xxxxxxxxxxxxx3555","amount":29790,"returnUrl":"https:\/\/www.farmanostica.cl\/?wc-api=wc_gateway_transbank_webpay_plus_rest","environment":"LIVE","commerceCode":"5970xxxx8900"} [] []
2025-04-28 13:45:37 -04:00 > INFO > BUY_ORDER: wc:57xxxxxxxxxxxxxxxxxx3555 => Transacción creada en la base de datos con estado "prepared" => data: {"sessionId":"wc:sessionId:68xxxxxxxxxxxxx3555","amount":29790,"returnUrl":"https:\/\/www.farmanostica.cl\/?wc-api=wc_gateway_transbank_webpay_plus_rest","environment":"LIVE","commerceCode":"5970xxxx8900"} [] []
2025-04-28 13:45:37 -04:00 > INFO > BUY_ORDER: wc:57xxxxxxxxxxxxxxxxxx3555 => Preparando datos antes de crear la transacción en Transbank => data: {"sessionId":"wc:sessionId:68xxxxxxxxxxxxx3555","amount":29790,"returnUrl":"https:\/\/www.farmanostica.cl\/?wc-api=wc_gateway_transbank_webpay_plus_rest","environment":"LIVE","commerceCode":"5970xxxx8900"} [] []
2025-04-28 13:45:38 -04:00 > INFO > ORDER_ID: 3555 [] []
2025-04-28 13:45:38 -04:00 > INFO > INPUT: {"sessionId":"wc:sessionId:68xxxxxxxxxxxxx3555","amount":29790,"returnUrl":"https:\/\/www.farmanostica.cl\/?wc-api=wc_gateway_transbank_webpay_plus_rest"} => RESPONSE: {"token":"11310c9abbce28a0822ec5ec140fc9481c7a5457181c5a2f806e474d2617eced","url":"https:\/\/webpay3g.transbank.cl:443\/webpayserver\/initTransaction"} [] []
2025-04-28 13:45:38 -04:00 > INFO > BUY_ORDER: wc:57xxxxxxxxxxxxxxxxxx3555 => Transacción actualizada en la base de datos con estado "initialized" => data: {"sessionId":"wc:sessionId:68xxxxxxxxxxxxx3555","amount":29790,"returnUrl":"https:\/\/www.farmanostica.cl\/?wc-api=wc_gateway_transbank_webpay_plus_rest","environment":"LIVE","commerceCode":"5970xxxx8900"} [] []
2025-04-28 13:46:48 -04:00 > INFO > Procesando retorno desde formulario de Webpay. [] []
2025-04-28 13:46:48 -04:00 > INFO > Request: method -> GET [] []
2025-04-28 13:46:48 -04:00 > INFO > Request: payload -> {"wc-api":"wc_gateway_transbank_webpay_plus_rest","token_ws":"11310c9abbce28a0822ec5ec140fc9481c7a5457181c5a2f806e474d2617eced"} [] []
2025-04-28 13:46:48 -04:00 > INFO > Flujo normal detectado, token: 11310c9abbce28a0822ec5ec140fc9481c7a5457181c5a2f806e474d2617eced [] []
2025-04-28 13:46:48 -04:00 > INFO > BUY_ORDER: wc:57xxxxxxxxxxxxxxxxxx3555 => Preparando datos antes de hacer commit a la transacción en Transbank => data: {"token":"11310c9abbce28a0822ec5ec140fc9481c7a5457181c5a2f806e474d2617eced","environment":"LIVE","commerceCode":"5970xxxx8900"} [] []
2025-04-28 13:46:49 -04:00 > INFO > ORDER_ID: 3555 [] []
2025-04-28 13:46:49 -04:00 > INFO > INPUT: {"token":"11310c9abbce28a0822ec5ec140fc9481c7a5457181c5a2f806e474d2617eced"} => RESPONSE: {"vci":"TSY","status":"FAILED","responseCode":-11,"amount":29790,"authorizationCode":"000000","paymentTypeCode":"VD","accountingDate":"0428","installmentsNumber":0,"installmentsAmount":null,"sessionId":"wc:sessionId:68xxxxxxxxxxxxx3555","buyOrder":"wc:57xxxxxxxxxxxxxxxxxx3555","cardNumber":"5801","cardDetail":{"card_number":"5801"},"transactionDate":"2025-04-28T17:45:38.316Z","balance":null} [] []
2025-04-28 13:46:49 -04:00 > ERROR > ORDER_ID: 3555, SERVICE: commit [] []
2025-04-28 13:46:49 -04:00 > ERROR > INPUT: {"token":"11310c9abbce28a0822ec5ec140fc9481c7a5457181c5a2f806e474d2617eced"} => EXCEPTION: RejectedCommitWebpayException , ERROR: El commit de la transacción ha sido rechazada en Transbank (código de respuesta: -11) [] []
2025-04-28 13:46:49 -04:00 > ERROR > C.5. Respuesta de tbk commit fallido => token: 11310c9abbce28a0822ec5ec140fc9481c7a5457181c5a2f806e474d2617eced [] []
2025-04-28 13:46:49 -04:00 > ERROR > {"vci":"TSY","status":"FAILED","responseCode":-11,"amount":29790,"authorizationCode":"000000","paymentTypeCode":"VD","accountingDate":"0428","installmentsNumber":0,"installmentsAmount":null,"sessionId":"wc:sessionId:680fbec1a7d82:3555","buyOrder":"wc:57b991246ff89deccb:3555","cardNumber":"5801","cardDetail":{"card_number":"5801"},"transactionDate":"2025-04-28T17:45:38.316Z","balance":null} [] []
2025-04-28 13:48:08 -04:00 > INFO > BUY_ORDER: wc:02xxxxxxxxxxxxxxxxxx3555 => Preparando datos antes de crear la transacción en la base de datos => data: {"sessionId":"wc:sessionId:68xxxxxxxxxxxxx3555","amount":29790,"returnUrl":"https:\/\/www.farmanostica.cl\/?wc-api=wc_gateway_transbank_webpay_plus_rest","environment":"LIVE","commerceCode":"5970xxxx8900"} [] []
2025-04-28 13:48:08 -04:00 > INFO > BUY_ORDER: wc:02xxxxxxxxxxxxxxxxxx3555 => Transacción creada en la base de datos con estado "prepared" => data: {"sessionId":"wc:sessionId:68xxxxxxxxxxxxx3555","amount":29790,"returnUrl":"https:\/\/www.farmanostica.cl\/?wc-api=wc_gateway_transbank_webpay_plus_rest","environment":"LIVE","commerceCode":"5970xxxx8900"} [] []
2025-04-28 13:48:08 -04:00 > INFO > BUY_ORDER: wc:02xxxxxxxxxxxxxxxxxx3555 => Preparando datos antes de crear la transacción en Transbank => data: {"sessionId":"wc:sessionId:68xxxxxxxxxxxxx3555","amount":29790,"returnUrl":"https:\/\/www.farmanostica.cl\/?wc-api=wc_gateway_transbank_webpay_plus_rest","environment":"LIVE","commerceCode":"5970xxxx8900"} [] []
2025-04-28 13:48:08 -04:00 > INFO > ORDER_ID: 3555 [] []
2025-04-28 13:48:08 -04:00 > INFO > INPUT: {"sessionId":"wc:sessionId:68xxxxxxxxxxxxx3555","amount":29790,"returnUrl":"https:\/\/www.farmanostica.cl\/?wc-api=wc_gateway_transbank_webpay_plus_rest"} => RESPONSE: {"token":"1231790c0097f8956fdcbda3ec74297eed752e7e411f107b558927b8e3454760","url":"https:\/\/webpay3g.transbank.cl:443\/webpayserver\/initTransaction"} [] []
2025-04-28 13:48:08 -04:00 > INFO > BUY_ORDER: wc:02xxxxxxxxxxxxxxxxxx3555 => Transacción actualizada en la base de datos con estado "initialized" => data: {"sessionId":"wc:sessionId:68xxxxxxxxxxxxx3555","amount":29790,"returnUrl":"https:\/\/www.farmanostica.cl\/?wc-api=wc_gateway_transbank_webpay_plus_rest","environment":"LIVE","commerceCode":"5970xxxx8900"} [] []
