2025-01-29 10:10:21 -04:00 > INFO > BUY_ORDER: wc:95xxxxxxxxxxxxxxxxxx3476 => Preparando datos antes de crear la transacción en la base de datos => data: {"sessionId":"wc:sessionId:67xxxxxxxxxxxxx3476","amount":13800,"returnUrl":"https:\/\/www.farmanostica.cl\/?wc-api=wc_gateway_transbank_webpay_plus_rest","environment":"LIVE","commerceCode":"5970xxxx8900"} [] []
2025-01-29 10:10:21 -04:00 > INFO > BUY_ORDER: wc:95xxxxxxxxxxxxxxxxxx3476 => Transacción creada en la base de datos con estado "prepared" => data: {"sessionId":"wc:sessionId:67xxxxxxxxxxxxx3476","amount":13800,"returnUrl":"https:\/\/www.farmanostica.cl\/?wc-api=wc_gateway_transbank_webpay_plus_rest","environment":"LIVE","commerceCode":"5970xxxx8900"} [] []
2025-01-29 10:10:21 -04:00 > INFO > BUY_ORDER: wc:95xxxxxxxxxxxxxxxxxx3476 => Preparando datos antes de crear la transacción en Transbank => data: {"sessionId":"wc:sessionId:67xxxxxxxxxxxxx3476","amount":13800,"returnUrl":"https:\/\/www.farmanostica.cl\/?wc-api=wc_gateway_transbank_webpay_plus_rest","environment":"LIVE","commerceCode":"5970xxxx8900"} [] []
2025-01-29 10:10:22 -04:00 > INFO > ORDER_ID: 3476 [] []
2025-01-29 10:10:22 -04:00 > INFO > INPUT: {"sessionId":"wc:sessionId:67xxxxxxxxxxxxx3476","amount":13800,"returnUrl":"https:\/\/www.farmanostica.cl\/?wc-api=wc_gateway_transbank_webpay_plus_rest"} => RESPONSE: {"token":"113149cffb343ffed4b5f1500d09de93a3063a300491a84f49343143f7338c22","url":"https:\/\/webpay3g.transbank.cl:443\/webpayserver\/initTransaction"} [] []
2025-01-29 10:10:22 -04:00 > INFO > BUY_ORDER: wc:95xxxxxxxxxxxxxxxxxx3476 => Transacción actualizada en la base de datos con estado "initialized" => data: {"sessionId":"wc:sessionId:67xxxxxxxxxxxxx3476","amount":13800,"returnUrl":"https:\/\/www.farmanostica.cl\/?wc-api=wc_gateway_transbank_webpay_plus_rest","environment":"LIVE","commerceCode":"5970xxxx8900"} [] []
2025-01-29 10:12:03 -04:00 > INFO > Procesando retorno desde formulario de Webpay. [] []
2025-01-29 10:12:03 -04:00 > INFO > Request: method -> GET [] []
2025-01-29 10:12:03 -04:00 > INFO > Request: payload -> {"wc-api":"wc_gateway_transbank_webpay_plus_rest","token_ws":"113149cffb343ffed4b5f1500d09de93a3063a300491a84f49343143f7338c22"} [] []
2025-01-29 10:12:03 -04:00 > INFO > Flujo normal detectado, token: 113149cffb343ffed4b5f1500d09de93a3063a300491a84f49343143f7338c22 [] []
2025-01-29 10:12:03 -04:00 > INFO > BUY_ORDER: wc:95xxxxxxxxxxxxxxxxxx3476 => Preparando datos antes de hacer commit a la transacción en Transbank => data: {"token":"113149cffb343ffed4b5f1500d09de93a3063a300491a84f49343143f7338c22","environment":"LIVE","commerceCode":"5970xxxx8900"} [] []
2025-01-29 10:12:04 -04:00 > INFO > ORDER_ID: 3476 [] []
2025-01-29 10:12:04 -04:00 > INFO > INPUT: {"token":"113149cffb343ffed4b5f1500d09de93a3063a300491a84f49343143f7338c22"} => RESPONSE: {"vci":"TSY","status":"AUTHORIZED","responseCode":0,"amount":13800,"authorizationCode":"028674","paymentTypeCode":"VD","accountingDate":"0129","installmentsNumber":0,"installmentsAmount":null,"sessionId":"wc:sessionId:67xxxxxxxxxxxxx3476","buyOrder":"wc:95xxxxxxxxxxxxxxxxxx3476","cardNumber":"8472","cardDetail":{"card_number":"8472"},"transactionDate":"2025-01-29T14:10:22.102Z","balance":null} [] []
2025-01-29 10:12:04 -04:00 > INFO > BUY_ORDER: wc:95xxxxxxxxxxxxxxxxxx3476 => ***** COMMIT TBK OK ***** SI NO SE ENCUENTRA VALIDACION POR WooCommerce DEBE ANULARSE => data: {"token":"113149cffb343ffed4b5f1500d09de93a3063a300491a84f49343143f7338c22","response":{"vci":"TSY","status":"AUTHORIZED","responseCode":0,"amount":13800,"authorizationCode":"028674","paymentTypeCode":"VD","accountingDate":"0129","installmentsNumber":0,"installmentsAmount":null,"sessionId":"wc:sessionId:67xxxxxxxxxxxxx3476","buyOrder":"wc:95xxxxxxxxxxxxxxxxxx3476","cardNumber":"8472","cardDetail":{"card_number":"8472"},"transactionDate":"2025-01-29T14:10:22.102Z","balance":null},"environment":"LIVE","commerceCode":"5970xxxx8900"} [] []
2025-01-29 10:12:04 -04:00 > INFO > C.5. Transacción con commit exitoso en Transbank y guardado => OC: wc:95xxxxxxxxxxxxxxxxxx3476 [] []
2025-01-29 13:17:50 -04:00 > INFO > BUY_ORDER: wc:dbxxxxxxxxxxxxxxxxxx3477 => Preparando datos antes de crear la transacción en la base de datos => data: {"sessionId":"wc:sessionId:67xxxxxxxxxxxxx3477","amount":193800,"returnUrl":"https:\/\/www.farmanostica.cl\/?wc-api=wc_gateway_transbank_webpay_plus_rest","environment":"LIVE","commerceCode":"5970xxxx8900"} [] []
2025-01-29 13:17:50 -04:00 > INFO > BUY_ORDER: wc:dbxxxxxxxxxxxxxxxxxx3477 => Transacción creada en la base de datos con estado "prepared" => data: {"sessionId":"wc:sessionId:67xxxxxxxxxxxxx3477","amount":193800,"returnUrl":"https:\/\/www.farmanostica.cl\/?wc-api=wc_gateway_transbank_webpay_plus_rest","environment":"LIVE","commerceCode":"5970xxxx8900"} [] []
2025-01-29 13:17:50 -04:00 > INFO > BUY_ORDER: wc:dbxxxxxxxxxxxxxxxxxx3477 => Preparando datos antes de crear la transacción en Transbank => data: {"sessionId":"wc:sessionId:67xxxxxxxxxxxxx3477","amount":193800,"returnUrl":"https:\/\/www.farmanostica.cl\/?wc-api=wc_gateway_transbank_webpay_plus_rest","environment":"LIVE","commerceCode":"5970xxxx8900"} [] []
2025-01-29 13:17:50 -04:00 > INFO > ORDER_ID: 3477 [] []
2025-01-29 13:17:50 -04:00 > INFO > INPUT: {"sessionId":"wc:sessionId:67xxxxxxxxxxxxx3477","amount":193800,"returnUrl":"https:\/\/www.farmanostica.cl\/?wc-api=wc_gateway_transbank_webpay_plus_rest"} => RESPONSE: {"token":"123115b61b2d72493ce53b861a6a086e7d48344a9148a5c5eaf7e2f4cebe6af5","url":"https:\/\/webpay3g.transbank.cl:443\/webpayserver\/initTransaction"} [] []
2025-01-29 13:17:50 -04:00 > INFO > BUY_ORDER: wc:dbxxxxxxxxxxxxxxxxxx3477 => Transacción actualizada en la base de datos con estado "initialized" => data: {"sessionId":"wc:sessionId:67xxxxxxxxxxxxx3477","amount":193800,"returnUrl":"https:\/\/www.farmanostica.cl\/?wc-api=wc_gateway_transbank_webpay_plus_rest","environment":"LIVE","commerceCode":"5970xxxx8900"} [] []
2025-01-29 13:21:48 -04:00 > INFO > Procesando retorno desde formulario de Webpay. [] []
2025-01-29 13:21:48 -04:00 > INFO > Request: method -> GET [] []
2025-01-29 13:21:48 -04:00 > INFO > Request: payload -> {"wc-api":"wc_gateway_transbank_webpay_plus_rest","token_ws":"123115b61b2d72493ce53b861a6a086e7d48344a9148a5c5eaf7e2f4cebe6af5"} [] []
2025-01-29 13:21:48 -04:00 > INFO > Flujo normal detectado, token: 123115b61b2d72493ce53b861a6a086e7d48344a9148a5c5eaf7e2f4cebe6af5 [] []
2025-01-29 13:21:48 -04:00 > INFO > BUY_ORDER: wc:dbxxxxxxxxxxxxxxxxxx3477 => Preparando datos antes de hacer commit a la transacción en Transbank => data: {"token":"123115b61b2d72493ce53b861a6a086e7d48344a9148a5c5eaf7e2f4cebe6af5","environment":"LIVE","commerceCode":"5970xxxx8900"} [] []
2025-01-29 13:21:49 -04:00 > INFO > ORDER_ID: 3477 [] []
2025-01-29 13:21:49 -04:00 > INFO > INPUT: {"token":"123115b61b2d72493ce53b861a6a086e7d48344a9148a5c5eaf7e2f4cebe6af5"} => RESPONSE: {"vci":"TSY","status":"AUTHORIZED","responseCode":0,"amount":193800,"authorizationCode":"019378","paymentTypeCode":"VD","accountingDate":"0129","installmentsNumber":0,"installmentsAmount":null,"sessionId":"wc:sessionId:67xxxxxxxxxxxxx3477","buyOrder":"wc:dbxxxxxxxxxxxxxxxxxx3477","cardNumber":"6177","cardDetail":{"card_number":"6177"},"transactionDate":"2025-01-29T17:17:50.510Z","balance":null} [] []
2025-01-29 13:21:49 -04:00 > INFO > BUY_ORDER: wc:dbxxxxxxxxxxxxxxxxxx3477 => ***** COMMIT TBK OK ***** SI NO SE ENCUENTRA VALIDACION POR WooCommerce DEBE ANULARSE => data: {"token":"123115b61b2d72493ce53b861a6a086e7d48344a9148a5c5eaf7e2f4cebe6af5","response":{"vci":"TSY","status":"AUTHORIZED","responseCode":0,"amount":193800,"authorizationCode":"019378","paymentTypeCode":"VD","accountingDate":"0129","installmentsNumber":0,"installmentsAmount":null,"sessionId":"wc:sessionId:67xxxxxxxxxxxxx3477","buyOrder":"wc:dbxxxxxxxxxxxxxxxxxx3477","cardNumber":"6177","cardDetail":{"card_number":"6177"},"transactionDate":"2025-01-29T17:17:50.510Z","balance":null},"environment":"LIVE","commerceCode":"5970xxxx8900"} [] []
2025-01-29 13:21:49 -04:00 > INFO > C.5. Transacción con commit exitoso en Transbank y guardado => OC: wc:dbxxxxxxxxxxxxxxxxxx3477 [] []
