2025-01-10 12:26:21 -04:00 > INFO > BUY_ORDER: wc:b7xxxxxxxxxxxxxxxxxx3461 => Preparando datos antes de crear la transacción en la base de datos => data: {"sessionId":"wc:sessionId:67xxxxxxxxxxxxx3461","amount":41800,"returnUrl":"https:\/\/www.farmanostica.cl\/?wc-api=wc_gateway_transbank_webpay_plus_rest","environment":"LIVE","commerceCode":"5970xxxx8900"} [] []
2025-01-10 12:26:21 -04:00 > INFO > BUY_ORDER: wc:b7xxxxxxxxxxxxxxxxxx3461 => Transacción creada en la base de datos con estado "prepared" => data: {"sessionId":"wc:sessionId:67xxxxxxxxxxxxx3461","amount":41800,"returnUrl":"https:\/\/www.farmanostica.cl\/?wc-api=wc_gateway_transbank_webpay_plus_rest","environment":"LIVE","commerceCode":"5970xxxx8900"} [] []
2025-01-10 12:26:21 -04:00 > INFO > BUY_ORDER: wc:b7xxxxxxxxxxxxxxxxxx3461 => Preparando datos antes de crear la transacción en Transbank => data: {"sessionId":"wc:sessionId:67xxxxxxxxxxxxx3461","amount":41800,"returnUrl":"https:\/\/www.farmanostica.cl\/?wc-api=wc_gateway_transbank_webpay_plus_rest","environment":"LIVE","commerceCode":"5970xxxx8900"} [] []
2025-01-10 12:26:21 -04:00 > INFO > ORDER_ID: 3461 [] []
2025-01-10 12:26:21 -04:00 > INFO > INPUT: {"sessionId":"wc:sessionId:67xxxxxxxxxxxxx3461","amount":41800,"returnUrl":"https:\/\/www.farmanostica.cl\/?wc-api=wc_gateway_transbank_webpay_plus_rest"} => RESPONSE: {"token":"113146f5f8ed6ba00a1a5b341543b0f49b6836c22a28e64526db667f60517a29","url":"https:\/\/webpay3g.transbank.cl:443\/webpayserver\/initTransaction"} [] []
2025-01-10 12:26:21 -04:00 > INFO > BUY_ORDER: wc:b7xxxxxxxxxxxxxxxxxx3461 => Transacción actualizada en la base de datos con estado "initialized" => data: {"sessionId":"wc:sessionId:67xxxxxxxxxxxxx3461","amount":41800,"returnUrl":"https:\/\/www.farmanostica.cl\/?wc-api=wc_gateway_transbank_webpay_plus_rest","environment":"LIVE","commerceCode":"5970xxxx8900"} [] []
2025-01-10 12:29:48 -04:00 > INFO > Procesando retorno desde formulario de Webpay. [] []
2025-01-10 12:29:48 -04:00 > INFO > Request: method -> GET [] []
2025-01-10 12:29:48 -04:00 > INFO > Request: payload -> {"wc-api":"wc_gateway_transbank_webpay_plus_rest","token_ws":"113146f5f8ed6ba00a1a5b341543b0f49b6836c22a28e64526db667f60517a29"} [] []
2025-01-10 12:29:48 -04:00 > INFO > Flujo normal detectado, token: 113146f5f8ed6ba00a1a5b341543b0f49b6836c22a28e64526db667f60517a29 [] []
2025-01-10 12:29:49 -04:00 > INFO > BUY_ORDER: wc:b7xxxxxxxxxxxxxxxxxx3461 => Preparando datos antes de hacer commit a la transacción en Transbank => data: {"token":"113146f5f8ed6ba00a1a5b341543b0f49b6836c22a28e64526db667f60517a29","environment":"LIVE","commerceCode":"5970xxxx8900"} [] []
2025-01-10 12:29:50 -04:00 > INFO > ORDER_ID: 3461 [] []
2025-01-10 12:29:50 -04:00 > INFO > INPUT: {"token":"113146f5f8ed6ba00a1a5b341543b0f49b6836c22a28e64526db667f60517a29"} => RESPONSE: {"vci":"TSY","status":"AUTHORIZED","responseCode":0,"amount":41800,"authorizationCode":"020786","paymentTypeCode":"VD","accountingDate":"0110","installmentsNumber":0,"installmentsAmount":null,"sessionId":"wc:sessionId:67xxxxxxxxxxxxx3461","buyOrder":"wc:b7xxxxxxxxxxxxxxxxxx3461","cardNumber":"0634","cardDetail":{"card_number":"0634"},"transactionDate":"2025-01-10T16:26:21.417Z","balance":null} [] []
2025-01-10 12:29:50 -04:00 > INFO > BUY_ORDER: wc:b7xxxxxxxxxxxxxxxxxx3461 => ***** COMMIT TBK OK ***** SI NO SE ENCUENTRA VALIDACION POR WooCommerce DEBE ANULARSE => data: {"token":"113146f5f8ed6ba00a1a5b341543b0f49b6836c22a28e64526db667f60517a29","response":{"vci":"TSY","status":"AUTHORIZED","responseCode":0,"amount":41800,"authorizationCode":"020786","paymentTypeCode":"VD","accountingDate":"0110","installmentsNumber":0,"installmentsAmount":null,"sessionId":"wc:sessionId:67xxxxxxxxxxxxx3461","buyOrder":"wc:b7xxxxxxxxxxxxxxxxxx3461","cardNumber":"0634","cardDetail":{"card_number":"0634"},"transactionDate":"2025-01-10T16:26:21.417Z","balance":null},"environment":"LIVE","commerceCode":"5970xxxx8900"} [] []
2025-01-10 12:29:50 -04:00 > INFO > C.5. Transacción con commit exitoso en Transbank y guardado => OC: wc:b7xxxxxxxxxxxxxxxxxx3461 [] []
2025-01-10 12:34:30 -04:00 > INFO > BUY_ORDER: wc:94xxxxxxxxxxxxxxxxxx3462 => Preparando datos antes de crear la transacción en la base de datos => data: {"sessionId":"wc:sessionId:67xxxxxxxxxxxxx3462","amount":19980,"returnUrl":"https:\/\/www.farmanostica.cl\/?wc-api=wc_gateway_transbank_webpay_plus_rest","environment":"LIVE","commerceCode":"5970xxxx8900"} [] []
2025-01-10 12:34:30 -04:00 > INFO > BUY_ORDER: wc:94xxxxxxxxxxxxxxxxxx3462 => Transacción creada en la base de datos con estado "prepared" => data: {"sessionId":"wc:sessionId:67xxxxxxxxxxxxx3462","amount":19980,"returnUrl":"https:\/\/www.farmanostica.cl\/?wc-api=wc_gateway_transbank_webpay_plus_rest","environment":"LIVE","commerceCode":"5970xxxx8900"} [] []
2025-01-10 12:34:30 -04:00 > INFO > BUY_ORDER: wc:94xxxxxxxxxxxxxxxxxx3462 => Preparando datos antes de crear la transacción en Transbank => data: {"sessionId":"wc:sessionId:67xxxxxxxxxxxxx3462","amount":19980,"returnUrl":"https:\/\/www.farmanostica.cl\/?wc-api=wc_gateway_transbank_webpay_plus_rest","environment":"LIVE","commerceCode":"5970xxxx8900"} [] []
2025-01-10 12:34:30 -04:00 > INFO > ORDER_ID: 3462 [] []
2025-01-10 12:34:30 -04:00 > INFO > INPUT: {"sessionId":"wc:sessionId:67xxxxxxxxxxxxx3462","amount":19980,"returnUrl":"https:\/\/www.farmanostica.cl\/?wc-api=wc_gateway_transbank_webpay_plus_rest"} => RESPONSE: {"token":"113160910b4882c195f34c8297b4228eae0e14e05d4d4003cff5f75f668d03c8","url":"https:\/\/webpay3g.transbank.cl:443\/webpayserver\/initTransaction"} [] []
2025-01-10 12:34:31 -04:00 > INFO > BUY_ORDER: wc:94xxxxxxxxxxxxxxxxxx3462 => Transacción actualizada en la base de datos con estado "initialized" => data: {"sessionId":"wc:sessionId:67xxxxxxxxxxxxx3462","amount":19980,"returnUrl":"https:\/\/www.farmanostica.cl\/?wc-api=wc_gateway_transbank_webpay_plus_rest","environment":"LIVE","commerceCode":"5970xxxx8900"} [] []
2025-01-10 12:36:45 -04:00 > INFO > Procesando retorno desde formulario de Webpay. [] []
2025-01-10 12:36:45 -04:00 > INFO > Request: method -> GET [] []
2025-01-10 12:36:45 -04:00 > INFO > Request: payload -> {"wc-api":"wc_gateway_transbank_webpay_plus_rest","token_ws":"113160910b4882c195f34c8297b4228eae0e14e05d4d4003cff5f75f668d03c8"} [] []
2025-01-10 12:36:45 -04:00 > INFO > Flujo normal detectado, token: 113160910b4882c195f34c8297b4228eae0e14e05d4d4003cff5f75f668d03c8 [] []
2025-01-10 12:36:45 -04:00 > INFO > BUY_ORDER: wc:94xxxxxxxxxxxxxxxxxx3462 => Preparando datos antes de hacer commit a la transacción en Transbank => data: {"token":"113160910b4882c195f34c8297b4228eae0e14e05d4d4003cff5f75f668d03c8","environment":"LIVE","commerceCode":"5970xxxx8900"} [] []
2025-01-10 12:36:46 -04:00 > INFO > ORDER_ID: 3462 [] []
2025-01-10 12:36:46 -04:00 > INFO > INPUT: {"token":"113160910b4882c195f34c8297b4228eae0e14e05d4d4003cff5f75f668d03c8"} => RESPONSE: {"vci":"TSY","status":"AUTHORIZED","responseCode":0,"amount":19980,"authorizationCode":"602247","paymentTypeCode":"VN","accountingDate":"0110","installmentsNumber":0,"installmentsAmount":null,"sessionId":"wc:sessionId:67xxxxxxxxxxxxx3462","buyOrder":"wc:94xxxxxxxxxxxxxxxxxx3462","cardNumber":"8194","cardDetail":{"card_number":"8194"},"transactionDate":"2025-01-10T16:34:30.944Z","balance":null} [] []
2025-01-10 12:36:46 -04:00 > INFO > BUY_ORDER: wc:94xxxxxxxxxxxxxxxxxx3462 => ***** COMMIT TBK OK ***** SI NO SE ENCUENTRA VALIDACION POR WooCommerce DEBE ANULARSE => data: {"token":"113160910b4882c195f34c8297b4228eae0e14e05d4d4003cff5f75f668d03c8","response":{"vci":"TSY","status":"AUTHORIZED","responseCode":0,"amount":19980,"authorizationCode":"602247","paymentTypeCode":"VN","accountingDate":"0110","installmentsNumber":0,"installmentsAmount":null,"sessionId":"wc:sessionId:67xxxxxxxxxxxxx3462","buyOrder":"wc:94xxxxxxxxxxxxxxxxxx3462","cardNumber":"8194","cardDetail":{"card_number":"8194"},"transactionDate":"2025-01-10T16:34:30.944Z","balance":null},"environment":"LIVE","commerceCode":"5970xxxx8900"} [] []
2025-01-10 12:36:46 -04:00 > INFO > C.5. Transacción con commit exitoso en Transbank y guardado => OC: wc:94xxxxxxxxxxxxxxxxxx3462 [] []
2025-01-10 14:54:23 -04:00 > INFO > BUY_ORDER: wc:18xxxxxxxxxxxxxxxxxx3463 => Preparando datos antes de crear la transacción en la base de datos => data: {"sessionId":"wc:sessionId:67xxxxxxxxxxxxx3463","amount":22800,"returnUrl":"https:\/\/www.farmanostica.cl\/?wc-api=wc_gateway_transbank_webpay_plus_rest","environment":"LIVE","commerceCode":"5970xxxx8900"} [] []
2025-01-10 14:54:23 -04:00 > INFO > BUY_ORDER: wc:18xxxxxxxxxxxxxxxxxx3463 => Transacción creada en la base de datos con estado "prepared" => data: {"sessionId":"wc:sessionId:67xxxxxxxxxxxxx3463","amount":22800,"returnUrl":"https:\/\/www.farmanostica.cl\/?wc-api=wc_gateway_transbank_webpay_plus_rest","environment":"LIVE","commerceCode":"5970xxxx8900"} [] []
2025-01-10 14:54:23 -04:00 > INFO > BUY_ORDER: wc:18xxxxxxxxxxxxxxxxxx3463 => Preparando datos antes de crear la transacción en Transbank => data: {"sessionId":"wc:sessionId:67xxxxxxxxxxxxx3463","amount":22800,"returnUrl":"https:\/\/www.farmanostica.cl\/?wc-api=wc_gateway_transbank_webpay_plus_rest","environment":"LIVE","commerceCode":"5970xxxx8900"} [] []
2025-01-10 14:54:23 -04:00 > INFO > ORDER_ID: 3463 [] []
2025-01-10 14:54:23 -04:00 > INFO > INPUT: {"sessionId":"wc:sessionId:67xxxxxxxxxxxxx3463","amount":22800,"returnUrl":"https:\/\/www.farmanostica.cl\/?wc-api=wc_gateway_transbank_webpay_plus_rest"} => RESPONSE: {"token":"123104da0fe7d4eaa74f0681116c0562a338587b6d0c4c2c12e3e1ec3d47f779","url":"https:\/\/webpay3g.transbank.cl:443\/webpayserver\/initTransaction"} [] []
2025-01-10 14:54:23 -04:00 > INFO > BUY_ORDER: wc:18xxxxxxxxxxxxxxxxxx3463 => Transacción actualizada en la base de datos con estado "initialized" => data: {"sessionId":"wc:sessionId:67xxxxxxxxxxxxx3463","amount":22800,"returnUrl":"https:\/\/www.farmanostica.cl\/?wc-api=wc_gateway_transbank_webpay_plus_rest","environment":"LIVE","commerceCode":"5970xxxx8900"} [] []
2025-01-10 14:54:54 -04:00 > INFO > Procesando retorno desde formulario de Webpay. [] []
2025-01-10 14:54:54 -04:00 > INFO > Request: method -> GET [] []
2025-01-10 14:54:54 -04:00 > INFO > Request: payload -> {"wc-api":"wc_gateway_transbank_webpay_plus_rest","token_ws":"123104da0fe7d4eaa74f0681116c0562a338587b6d0c4c2c12e3e1ec3d47f779"} [] []
2025-01-10 14:54:54 -04:00 > INFO > Flujo normal detectado, token: 123104da0fe7d4eaa74f0681116c0562a338587b6d0c4c2c12e3e1ec3d47f779 [] []
2025-01-10 14:54:54 -04:00 > INFO > BUY_ORDER: wc:18xxxxxxxxxxxxxxxxxx3463 => Preparando datos antes de hacer commit a la transacción en Transbank => data: {"token":"123104da0fe7d4eaa74f0681116c0562a338587b6d0c4c2c12e3e1ec3d47f779","environment":"LIVE","commerceCode":"5970xxxx8900"} [] []
2025-01-10 14:54:55 -04:00 > INFO > ORDER_ID: 3463 [] []
2025-01-10 14:54:55 -04:00 > INFO > INPUT: {"token":"123104da0fe7d4eaa74f0681116c0562a338587b6d0c4c2c12e3e1ec3d47f779"} => RESPONSE: {"vci":"TSY","status":"AUTHORIZED","responseCode":0,"amount":22800,"authorizationCode":"759251","paymentTypeCode":"VN","accountingDate":"0110","installmentsNumber":0,"installmentsAmount":null,"sessionId":"wc:sessionId:67xxxxxxxxxxxxx3463","buyOrder":"wc:18xxxxxxxxxxxxxxxxxx3463","cardNumber":"6653","cardDetail":{"card_number":"6653"},"transactionDate":"2025-01-10T18:54:23.893Z","balance":null} [] []
2025-01-10 14:54:55 -04:00 > INFO > BUY_ORDER: wc:18xxxxxxxxxxxxxxxxxx3463 => ***** COMMIT TBK OK ***** SI NO SE ENCUENTRA VALIDACION POR WooCommerce DEBE ANULARSE => data: {"token":"123104da0fe7d4eaa74f0681116c0562a338587b6d0c4c2c12e3e1ec3d47f779","response":{"vci":"TSY","status":"AUTHORIZED","responseCode":0,"amount":22800,"authorizationCode":"759251","paymentTypeCode":"VN","accountingDate":"0110","installmentsNumber":0,"installmentsAmount":null,"sessionId":"wc:sessionId:67xxxxxxxxxxxxx3463","buyOrder":"wc:18xxxxxxxxxxxxxxxxxx3463","cardNumber":"6653","cardDetail":{"card_number":"6653"},"transactionDate":"2025-01-10T18:54:23.893Z","balance":null},"environment":"LIVE","commerceCode":"5970xxxx8900"} [] []
2025-01-10 14:54:55 -04:00 > INFO > C.5. Transacción con commit exitoso en Transbank y guardado => OC: wc:18xxxxxxxxxxxxxxxxxx3463 [] []
