2025-06-03 10:25:27 -04:00 > INFO > BUY_ORDER: wc:47xxxxxxxxxxxxxxxxxx3579 => Preparando datos antes de crear la transacción en la base de datos => data: {"sessionId":"wc:sessionId:68xxxxxxxxxxxxx3579","amount":19980,"returnUrl":"https:\/\/www.farmanostica.cl\/?wc-api=wc_gateway_transbank_webpay_plus_rest","environment":"LIVE","commerceCode":"5970xxxx8900"} [] []
2025-06-03 10:25:27 -04:00 > INFO > BUY_ORDER: wc:47xxxxxxxxxxxxxxxxxx3579 => Transacción creada en la base de datos con estado "prepared" => data: {"sessionId":"wc:sessionId:68xxxxxxxxxxxxx3579","amount":19980,"returnUrl":"https:\/\/www.farmanostica.cl\/?wc-api=wc_gateway_transbank_webpay_plus_rest","environment":"LIVE","commerceCode":"5970xxxx8900"} [] []
2025-06-03 10:25:27 -04:00 > INFO > BUY_ORDER: wc:47xxxxxxxxxxxxxxxxxx3579 => Preparando datos antes de crear la transacción en Transbank => data: {"sessionId":"wc:sessionId:68xxxxxxxxxxxxx3579","amount":19980,"returnUrl":"https:\/\/www.farmanostica.cl\/?wc-api=wc_gateway_transbank_webpay_plus_rest","environment":"LIVE","commerceCode":"5970xxxx8900"} [] []
2025-06-03 10:25:27 -04:00 > INFO > ORDER_ID: 3579 [] []
2025-06-03 10:25:27 -04:00 > INFO > INPUT: {"sessionId":"wc:sessionId:68xxxxxxxxxxxxx3579","amount":19980,"returnUrl":"https:\/\/www.farmanostica.cl\/?wc-api=wc_gateway_transbank_webpay_plus_rest"} => RESPONSE: {"token":"1131b760194f4291d6ba07c63756de60347a37b9c92c8b91b04bfc5b2fc3024c","url":"https:\/\/webpay3g.transbank.cl:443\/webpayserver\/initTransaction"} [] []
2025-06-03 10:25:27 -04:00 > INFO > BUY_ORDER: wc:47xxxxxxxxxxxxxxxxxx3579 => Transacción actualizada en la base de datos con estado "initialized" => data: {"sessionId":"wc:sessionId:68xxxxxxxxxxxxx3579","amount":19980,"returnUrl":"https:\/\/www.farmanostica.cl\/?wc-api=wc_gateway_transbank_webpay_plus_rest","environment":"LIVE","commerceCode":"5970xxxx8900"} [] []
2025-06-03 13:06:08 -04:00 > INFO > BUY_ORDER: wc:3cxxxxxxxxxxxxxxxxxx3580 => Preparando datos antes de crear la transacción en la base de datos => data: {"sessionId":"wc:sessionId:68xxxxxxxxxxxxx3580","amount":16790,"returnUrl":"https:\/\/www.farmanostica.cl\/?wc-api=wc_gateway_transbank_webpay_plus_rest","environment":"LIVE","commerceCode":"5970xxxx8900"} [] []
2025-06-03 13:06:08 -04:00 > INFO > BUY_ORDER: wc:3cxxxxxxxxxxxxxxxxxx3580 => Transacción creada en la base de datos con estado "prepared" => data: {"sessionId":"wc:sessionId:68xxxxxxxxxxxxx3580","amount":16790,"returnUrl":"https:\/\/www.farmanostica.cl\/?wc-api=wc_gateway_transbank_webpay_plus_rest","environment":"LIVE","commerceCode":"5970xxxx8900"} [] []
2025-06-03 13:06:08 -04:00 > INFO > BUY_ORDER: wc:3cxxxxxxxxxxxxxxxxxx3580 => Preparando datos antes de crear la transacción en Transbank => data: {"sessionId":"wc:sessionId:68xxxxxxxxxxxxx3580","amount":16790,"returnUrl":"https:\/\/www.farmanostica.cl\/?wc-api=wc_gateway_transbank_webpay_plus_rest","environment":"LIVE","commerceCode":"5970xxxx8900"} [] []
2025-06-03 13:06:08 -04:00 > INFO > ORDER_ID: 3580 [] []
2025-06-03 13:06:08 -04:00 > INFO > INPUT: {"sessionId":"wc:sessionId:68xxxxxxxxxxxxx3580","amount":16790,"returnUrl":"https:\/\/www.farmanostica.cl\/?wc-api=wc_gateway_transbank_webpay_plus_rest"} => RESPONSE: {"token":"12311b6216426a568825a1eb1602e0785163dcd60ebf6ac5608484a8e0d8ee87","url":"https:\/\/webpay3g.transbank.cl:443\/webpayserver\/initTransaction"} [] []
2025-06-03 13:06:08 -04:00 > INFO > BUY_ORDER: wc:3cxxxxxxxxxxxxxxxxxx3580 => Transacción actualizada en la base de datos con estado "initialized" => data: {"sessionId":"wc:sessionId:68xxxxxxxxxxxxx3580","amount":16790,"returnUrl":"https:\/\/www.farmanostica.cl\/?wc-api=wc_gateway_transbank_webpay_plus_rest","environment":"LIVE","commerceCode":"5970xxxx8900"} [] []
2025-06-03 13:09:03 -04:00 > INFO > Procesando retorno desde formulario de Webpay. [] []
2025-06-03 13:09:03 -04:00 > INFO > Request: method -> GET [] []
2025-06-03 13:09:03 -04:00 > INFO > Request: payload -> {"wc-api":"wc_gateway_transbank_webpay_plus_rest","token_ws":"12311b6216426a568825a1eb1602e0785163dcd60ebf6ac5608484a8e0d8ee87"} [] []
2025-06-03 13:09:03 -04:00 > INFO > Flujo normal detectado, token: 12311b6216426a568825a1eb1602e0785163dcd60ebf6ac5608484a8e0d8ee87 [] []
2025-06-03 13:09:03 -04:00 > INFO > BUY_ORDER: wc:3cxxxxxxxxxxxxxxxxxx3580 => Preparando datos antes de hacer commit a la transacción en Transbank => data: {"token":"12311b6216426a568825a1eb1602e0785163dcd60ebf6ac5608484a8e0d8ee87","environment":"LIVE","commerceCode":"5970xxxx8900"} [] []
2025-06-03 13:09:05 -04:00 > INFO > ORDER_ID: 3580 [] []
2025-06-03 13:09:05 -04:00 > INFO > INPUT: {"token":"12311b6216426a568825a1eb1602e0785163dcd60ebf6ac5608484a8e0d8ee87"} => RESPONSE: {"vci":"TSY","status":"AUTHORIZED","responseCode":0,"amount":16790,"authorizationCode":"038119","paymentTypeCode":"VC","accountingDate":"0603","installmentsNumber":3,"installmentsAmount":5597,"sessionId":"wc:sessionId:68xxxxxxxxxxxxx3580","buyOrder":"wc:3cxxxxxxxxxxxxxxxxxx3580","cardNumber":"4216","cardDetail":{"card_number":"4216"},"transactionDate":"2025-06-03T17:06:08.182Z","balance":null} [] []
2025-06-03 13:09:05 -04:00 > INFO > BUY_ORDER: wc:3cxxxxxxxxxxxxxxxxxx3580 => ***** COMMIT TBK OK ***** SI NO SE ENCUENTRA VALIDACION POR WooCommerce DEBE ANULARSE => data: {"token":"12311b6216426a568825a1eb1602e0785163dcd60ebf6ac5608484a8e0d8ee87","response":{"vci":"TSY","status":"AUTHORIZED","responseCode":0,"amount":16790,"authorizationCode":"038119","paymentTypeCode":"VC","accountingDate":"0603","installmentsNumber":3,"installmentsAmount":5597,"sessionId":"wc:sessionId:68xxxxxxxxxxxxx3580","buyOrder":"wc:3cxxxxxxxxxxxxxxxxxx3580","cardNumber":"4216","cardDetail":{"card_number":"4216"},"transactionDate":"2025-06-03T17:06:08.182Z","balance":null},"environment":"LIVE","commerceCode":"5970xxxx8900"} [] []
2025-06-03 13:09:05 -04:00 > INFO > C.5. Transacción con commit exitoso en Transbank y guardado => OC: wc:3cxxxxxxxxxxxxxxxxxx3580 [] []
2025-06-03 19:25:37 -04:00 > INFO > BUY_ORDER: wc:a2xxxxxxxxxxxxxxxxxx3581 => Preparando datos antes de crear la transacción en la base de datos => data: {"sessionId":"wc:sessionId:68xxxxxxxxxxxxx3581","amount":3490,"returnUrl":"https:\/\/www.farmanostica.cl\/?wc-api=wc_gateway_transbank_webpay_plus_rest","environment":"LIVE","commerceCode":"5970xxxx8900"} [] []
2025-06-03 19:25:37 -04:00 > INFO > BUY_ORDER: wc:a2xxxxxxxxxxxxxxxxxx3581 => Transacción creada en la base de datos con estado "prepared" => data: {"sessionId":"wc:sessionId:68xxxxxxxxxxxxx3581","amount":3490,"returnUrl":"https:\/\/www.farmanostica.cl\/?wc-api=wc_gateway_transbank_webpay_plus_rest","environment":"LIVE","commerceCode":"5970xxxx8900"} [] []
2025-06-03 19:25:37 -04:00 > INFO > BUY_ORDER: wc:a2xxxxxxxxxxxxxxxxxx3581 => Preparando datos antes de crear la transacción en Transbank => data: {"sessionId":"wc:sessionId:68xxxxxxxxxxxxx3581","amount":3490,"returnUrl":"https:\/\/www.farmanostica.cl\/?wc-api=wc_gateway_transbank_webpay_plus_rest","environment":"LIVE","commerceCode":"5970xxxx8900"} [] []
2025-06-03 19:25:37 -04:00 > INFO > ORDER_ID: 3581 [] []
2025-06-03 19:25:37 -04:00 > INFO > INPUT: {"sessionId":"wc:sessionId:68xxxxxxxxxxxxx3581","amount":3490,"returnUrl":"https:\/\/www.farmanostica.cl\/?wc-api=wc_gateway_transbank_webpay_plus_rest"} => RESPONSE: {"token":"1231ea4b3b6b6202e97cf291afa5bd93893fc13560c89b8077db6553c2190b80","url":"https:\/\/webpay3g.transbank.cl:443\/webpayserver\/initTransaction"} [] []
2025-06-03 19:25:37 -04:00 > INFO > BUY_ORDER: wc:a2xxxxxxxxxxxxxxxxxx3581 => Transacción actualizada en la base de datos con estado "initialized" => data: {"sessionId":"wc:sessionId:68xxxxxxxxxxxxx3581","amount":3490,"returnUrl":"https:\/\/www.farmanostica.cl\/?wc-api=wc_gateway_transbank_webpay_plus_rest","environment":"LIVE","commerceCode":"5970xxxx8900"} [] []
