2025-03-10 07:26:37 -04:00 > INFO > BUY_ORDER: wc:26xxxxxxxxxxxxxxxxxx3510 => Preparando datos antes de crear la transacción en la base de datos => data: {"sessionId":"wc:sessionId:67xxxxxxxxxxxxx3510","amount":23790,"returnUrl":"https:\/\/www.farmanostica.cl\/?wc-api=wc_gateway_transbank_webpay_plus_rest","environment":"LIVE","commerceCode":"5970xxxx8900"} [] []
2025-03-10 07:26:37 -04:00 > INFO > BUY_ORDER: wc:26xxxxxxxxxxxxxxxxxx3510 => Transacción creada en la base de datos con estado "prepared" => data: {"sessionId":"wc:sessionId:67xxxxxxxxxxxxx3510","amount":23790,"returnUrl":"https:\/\/www.farmanostica.cl\/?wc-api=wc_gateway_transbank_webpay_plus_rest","environment":"LIVE","commerceCode":"5970xxxx8900"} [] []
2025-03-10 07:26:37 -04:00 > INFO > BUY_ORDER: wc:26xxxxxxxxxxxxxxxxxx3510 => Preparando datos antes de crear la transacción en Transbank => data: {"sessionId":"wc:sessionId:67xxxxxxxxxxxxx3510","amount":23790,"returnUrl":"https:\/\/www.farmanostica.cl\/?wc-api=wc_gateway_transbank_webpay_plus_rest","environment":"LIVE","commerceCode":"5970xxxx8900"} [] []
2025-03-10 07:26:37 -04:00 > INFO > ORDER_ID: 3510 [] []
2025-03-10 07:26:37 -04:00 > INFO > INPUT: {"sessionId":"wc:sessionId:67xxxxxxxxxxxxx3510","amount":23790,"returnUrl":"https:\/\/www.farmanostica.cl\/?wc-api=wc_gateway_transbank_webpay_plus_rest"} => RESPONSE: {"token":"1131360ee4f797c00e22f25bbc6c16ae8014390700888a00c5668751d814e95a","url":"https:\/\/webpay3g.transbank.cl:443\/webpayserver\/initTransaction"} [] []
2025-03-10 07:26:37 -04:00 > INFO > BUY_ORDER: wc:26xxxxxxxxxxxxxxxxxx3510 => Transacción actualizada en la base de datos con estado "initialized" => data: {"sessionId":"wc:sessionId:67xxxxxxxxxxxxx3510","amount":23790,"returnUrl":"https:\/\/www.farmanostica.cl\/?wc-api=wc_gateway_transbank_webpay_plus_rest","environment":"LIVE","commerceCode":"5970xxxx8900"} [] []
2025-03-10 07:30:44 -04:00 > INFO > Procesando retorno desde formulario de Webpay. [] []
2025-03-10 07:30:44 -04:00 > INFO > Request: method -> GET [] []
2025-03-10 07:30:44 -04:00 > INFO > Request: payload -> {"wc-api":"wc_gateway_transbank_webpay_plus_rest","TBK_ORDEN_COMPRA":"wc:267115d990ae124afe:3510","TBK_ID_SESION":"wc:sessionId:67cecc6d56977:3510"} [] []
2025-03-10 07:30:44 -04:00 > INFO > Flujo de timeout detectado, sessionId: wc:sessionId:67cecc6d56977:3510, buyOrder: wc:267115d990ae124afe:3510 [] []
2025-03-10 07:30:44 -04:00 > ERROR > ORDER_ID: 3510, SERVICE: commit [] []
2025-03-10 07:30:44 -04:00 > ERROR > INPUT: {"TBK_ID_SESION":"wc:sessionId:67xxxxxxxxxxxxx3510","TBK_ORDEN_COMPRA":"wc:26xxxxxxxxxxxxxxxxxx3510"} => EXCEPTION: TimeoutWebpayException , ERROR: Tiempo excedido en el formulario de Webpay. [] []
2025-03-10 09:19:45 -04:00 > INFO > BUY_ORDER: wc:10xxxxxxxxxxxxxxxxxx3511 => Preparando datos antes de crear la transacción en la base de datos => data: {"sessionId":"wc:sessionId:67xxxxxxxxxxxxx3511","amount":23790,"returnUrl":"https:\/\/www.farmanostica.cl\/?wc-api=wc_gateway_transbank_webpay_plus_rest","environment":"LIVE","commerceCode":"5970xxxx8900"} [] []
2025-03-10 09:19:45 -04:00 > INFO > BUY_ORDER: wc:10xxxxxxxxxxxxxxxxxx3511 => Transacción creada en la base de datos con estado "prepared" => data: {"sessionId":"wc:sessionId:67xxxxxxxxxxxxx3511","amount":23790,"returnUrl":"https:\/\/www.farmanostica.cl\/?wc-api=wc_gateway_transbank_webpay_plus_rest","environment":"LIVE","commerceCode":"5970xxxx8900"} [] []
2025-03-10 09:19:45 -04:00 > INFO > BUY_ORDER: wc:10xxxxxxxxxxxxxxxxxx3511 => Preparando datos antes de crear la transacción en Transbank => data: {"sessionId":"wc:sessionId:67xxxxxxxxxxxxx3511","amount":23790,"returnUrl":"https:\/\/www.farmanostica.cl\/?wc-api=wc_gateway_transbank_webpay_plus_rest","environment":"LIVE","commerceCode":"5970xxxx8900"} [] []
2025-03-10 09:19:45 -04:00 > INFO > ORDER_ID: 3511 [] []
2025-03-10 09:19:45 -04:00 > INFO > INPUT: {"sessionId":"wc:sessionId:67xxxxxxxxxxxxx3511","amount":23790,"returnUrl":"https:\/\/www.farmanostica.cl\/?wc-api=wc_gateway_transbank_webpay_plus_rest"} => RESPONSE: {"token":"12311de1432126ee58ee881035a6c0fc51ff84b4be89710a0fcc3bee90657a81","url":"https:\/\/webpay3g.transbank.cl:443\/webpayserver\/initTransaction"} [] []
2025-03-10 09:19:45 -04:00 > INFO > BUY_ORDER: wc:10xxxxxxxxxxxxxxxxxx3511 => Transacción actualizada en la base de datos con estado "initialized" => data: {"sessionId":"wc:sessionId:67xxxxxxxxxxxxx3511","amount":23790,"returnUrl":"https:\/\/www.farmanostica.cl\/?wc-api=wc_gateway_transbank_webpay_plus_rest","environment":"LIVE","commerceCode":"5970xxxx8900"} [] []
2025-03-10 09:21:36 -04:00 > INFO > Procesando retorno desde formulario de Webpay. [] []
2025-03-10 09:21:36 -04:00 > INFO > Request: method -> GET [] []
2025-03-10 09:21:36 -04:00 > INFO > Request: payload -> {"wc-api":"wc_gateway_transbank_webpay_plus_rest","token_ws":"12311de1432126ee58ee881035a6c0fc51ff84b4be89710a0fcc3bee90657a81"} [] []
2025-03-10 09:21:36 -04:00 > INFO > Flujo normal detectado, token: 12311de1432126ee58ee881035a6c0fc51ff84b4be89710a0fcc3bee90657a81 [] []
2025-03-10 09:21:36 -04:00 > INFO > BUY_ORDER: wc:10xxxxxxxxxxxxxxxxxx3511 => Preparando datos antes de hacer commit a la transacción en Transbank => data: {"token":"12311de1432126ee58ee881035a6c0fc51ff84b4be89710a0fcc3bee90657a81","environment":"LIVE","commerceCode":"5970xxxx8900"} [] []
2025-03-10 09:21:37 -04:00 > INFO > ORDER_ID: 3511 [] []
2025-03-10 09:21:37 -04:00 > INFO > INPUT: {"token":"12311de1432126ee58ee881035a6c0fc51ff84b4be89710a0fcc3bee90657a81"} => RESPONSE: {"vci":"TSY","status":"AUTHORIZED","responseCode":0,"amount":23790,"authorizationCode":"025034","paymentTypeCode":"VD","accountingDate":"0310","installmentsNumber":0,"installmentsAmount":null,"sessionId":"wc:sessionId:67xxxxxxxxxxxxx3511","buyOrder":"wc:10xxxxxxxxxxxxxxxxxx3511","cardNumber":"0499","cardDetail":{"card_number":"0499"},"transactionDate":"2025-03-10T13:19:45.404Z","balance":null} [] []
2025-03-10 09:21:37 -04:00 > INFO > BUY_ORDER: wc:10xxxxxxxxxxxxxxxxxx3511 => ***** COMMIT TBK OK ***** SI NO SE ENCUENTRA VALIDACION POR WooCommerce DEBE ANULARSE => data: {"token":"12311de1432126ee58ee881035a6c0fc51ff84b4be89710a0fcc3bee90657a81","response":{"vci":"TSY","status":"AUTHORIZED","responseCode":0,"amount":23790,"authorizationCode":"025034","paymentTypeCode":"VD","accountingDate":"0310","installmentsNumber":0,"installmentsAmount":null,"sessionId":"wc:sessionId:67xxxxxxxxxxxxx3511","buyOrder":"wc:10xxxxxxxxxxxxxxxxxx3511","cardNumber":"0499","cardDetail":{"card_number":"0499"},"transactionDate":"2025-03-10T13:19:45.404Z","balance":null},"environment":"LIVE","commerceCode":"5970xxxx8900"} [] []
2025-03-10 09:21:37 -04:00 > INFO > C.5. Transacción con commit exitoso en Transbank y guardado => OC: wc:10xxxxxxxxxxxxxxxxxx3511 [] []
