2025-12-29T20:49:18+00:00 ERROR Automattic\WooCommerce\GoogleListingsAndAds\API\Google\MerchantPriceBenchmarks::get_price_comparisons_data {
  "error": {
    "code": 400,
    "message": "Market Insights is not enabled for account 5494855875.",
    "errors": [
      {
        "message": "Market Insights is not enabled for account 5494855875.",
        "domain": "global",
        "reason": "failedPrecondition"
      }
    ],
    "status": "FAILED_PRECONDITION",
    "details": [
      {
        "@type": "type.googleapis.com/google.rpc.ErrorInfo",
        "reason": "conditionNotMet",
        "domain": "global"
      }
    ]
  }
}
2025-12-29T20:49:18+00:00 DEBUG Automattic\WooCommerce\GoogleListingsAndAds\MerchantCenter\PriceBenchmarks::update_price_benchmarks Unable to retrieve price benchmark data
2025-12-29T20:49:25+00:00 DEBUG Automattic\WooCommerce\GoogleListingsAndAds\Product\WCProductAdapter::map_product_categories Product category (ID: 2254): ["Jeringas, Agujas e Infusi\u00f3n > Jeringas","Jeringas, Agujas e Infusi\u00f3n"].
2025-12-29T20:49:25+00:00 DEBUG Automattic\WooCommerce\GoogleListingsAndAds\Product\WCProductAdapter::map_product_categories Product category (ID: 2254): ["Jeringas, Agujas e Infusi\u00f3n > Jeringas","Jeringas, Agujas e Infusi\u00f3n"].
2025-12-29T20:49:25+00:00 DEBUG Automattic\WooCommerce\GoogleListingsAndAds\Product\WCProductAdapter::map_product_categories Product category (ID: 2254): ["Jeringas, Agujas e Infusi\u00f3n > Jeringas","Jeringas, Agujas e Infusi\u00f3n"].
2025-12-29T20:49:25+00:00 DEBUG Automattic\WooCommerce\GoogleListingsAndAds\Product\WCProductAdapter::map_product_categories Product category (ID: 2254): ["Jeringas, Agujas e Infusi\u00f3n > Jeringas","Jeringas, Agujas e Infusi\u00f3n"].
2025-12-29T20:49:25+00:00 DEBUG Automattic\WooCommerce\GoogleListingsAndAds\Product\WCProductAdapter::map_product_categories Product category (ID: 2254): ["Jeringas, Agujas e Infusi\u00f3n > Jeringas","Jeringas, Agujas e Infusi\u00f3n"].
2025-12-29T20:49:25+00:00 DEBUG Automattic\WooCommerce\GoogleListingsAndAds\Product\WCProductAdapter::map_product_categories Product category (ID: 2254): ["Jeringas, Agujas e Infusi\u00f3n > Jeringas","Jeringas, Agujas e Infusi\u00f3n"].
2025-12-29T20:49:25+00:00 DEBUG Automattic\WooCommerce\GoogleListingsAndAds\Product\WCProductAdapter::map_product_categories Product category (ID: 2254): ["Jeringas, Agujas e Infusi\u00f3n > Jeringas","Jeringas, Agujas e Infusi\u00f3n"].
2025-12-29T20:49:25+00:00 DEBUG Automattic\WooCommerce\GoogleListingsAndAds\Product\WCProductAdapter::map_product_categories Product category (ID: 2254): ["Jeringas, Agujas e Infusi\u00f3n > Jeringas","Jeringas, Agujas e Infusi\u00f3n"].
2025-12-29T20:49:25+00:00 DEBUG Automattic\WooCommerce\GoogleListingsAndAds\Product\WCProductAdapter::map_product_categories Product category (ID: 2751): ["Productos L\u00edquidos > Alcoholes en Gel","Cuidado e Higiene de Pacientes > Antis\u00e9pticos y Desinfectantes","Cuidado e Higiene de Pacientes","Productos L\u00edquidos"].
2025-12-29T20:49:25+00:00 DEBUG Automattic\WooCommerce\GoogleListingsAndAds\Product\WCProductAdapter::map_product_categories Product category (ID: 2751): ["Productos L\u00edquidos > Alcoholes en Gel","Cuidado e Higiene de Pacientes > Antis\u00e9pticos y Desinfectantes","Cuidado e Higiene de Pacientes","Productos L\u00edquidos"].
2025-12-29T20:49:25+00:00 DEBUG Automattic\WooCommerce\GoogleListingsAndAds\Product\WCProductAdapter::map_product_categories Product category (ID: 2972): ["Equipos Medicos","Equipos Medicos > Gluc\u00f3metros"].
2025-12-29T20:49:25+00:00 DEBUG Automattic\WooCommerce\GoogleListingsAndAds\Product\WCProductAdapter::map_product_categories Product category (ID: 3000): ["Cuidado de heridas > Algodones y Gasas","Cuidado de heridas","Cuidado de heridas > Ap\u00f3sitos y Parches > Fixomull","Cuidado de heridas > Cintas y vendajes > Vendas adhesivas"].
2025-12-29T20:49:25+00:00 DEBUG Automattic\WooCommerce\GoogleListingsAndAds\Product\WCProductAdapter::map_product_categories Product category (ID: 3000): ["Cuidado de heridas > Algodones y Gasas","Cuidado de heridas","Cuidado de heridas > Ap\u00f3sitos y Parches > Fixomull","Cuidado de heridas > Cintas y vendajes > Vendas adhesivas"].
2025-12-29T20:49:25+00:00 DEBUG Automattic\WooCommerce\GoogleListingsAndAds\Product\WCProductAdapter::map_product_categories Product category (ID: 3000): ["Cuidado de heridas > Algodones y Gasas","Cuidado de heridas","Cuidado de heridas > Ap\u00f3sitos y Parches > Fixomull","Cuidado de heridas > Cintas y vendajes > Vendas adhesivas"].
2025-12-29T20:49:25+00:00 DEBUG Automattic\WooCommerce\GoogleListingsAndAds\Product\WCProductAdapter::map_product_categories Product category (ID: 3001): ["Cuidado de heridas > Algodones y Gasas","Cuidado de heridas","Cuidado de heridas > Cintas y vendajes > Vendas el\u00e1sticas"].
2025-12-29T20:49:25+00:00 DEBUG Automattic\WooCommerce\GoogleListingsAndAds\Product\WCProductAdapter::map_product_categories Product category (ID: 3001): ["Cuidado de heridas > Algodones y Gasas","Cuidado de heridas","Cuidado de heridas > Cintas y vendajes > Vendas el\u00e1sticas"].
2025-12-29T20:49:25+00:00 DEBUG Automattic\WooCommerce\GoogleListingsAndAds\Product\WCProductAdapter::map_product_categories Product category (ID: 3001): ["Cuidado de heridas > Algodones y Gasas","Cuidado de heridas","Cuidado de heridas > Cintas y vendajes > Vendas el\u00e1sticas"].
2025-12-29T20:49:25+00:00 DEBUG Automattic\WooCommerce\GoogleListingsAndAds\Product\WCProductAdapter::map_product_categories Product category (ID: 3001): ["Cuidado de heridas > Algodones y Gasas","Cuidado de heridas","Cuidado de heridas > Cintas y vendajes > Vendas el\u00e1sticas"].
2025-12-29T20:49:25+00:00 DEBUG Automattic\WooCommerce\GoogleListingsAndAds\Product\WCProductAdapter::map_product_categories Product category (ID: 3001): ["Cuidado de heridas > Algodones y Gasas","Cuidado de heridas","Cuidado de heridas > Cintas y vendajes > Vendas el\u00e1sticas"].
2025-12-29T20:49:25+00:00 DEBUG Automattic\WooCommerce\GoogleListingsAndAds\Product\WCProductAdapter::map_product_categories Product category (ID: 3003): ["Jeringas, Agujas e Infusi\u00f3n > Agujas","Jeringas, Agujas e Infusi\u00f3n"].
2025-12-29T20:49:25+00:00 DEBUG Automattic\WooCommerce\GoogleListingsAndAds\Product\WCProductAdapter::map_product_categories Product category (ID: 3003): ["Jeringas, Agujas e Infusi\u00f3n > Agujas","Jeringas, Agujas e Infusi\u00f3n"].
2025-12-29T20:49:25+00:00 DEBUG Automattic\WooCommerce\GoogleListingsAndAds\Product\WCProductAdapter::map_product_categories Product category (ID: 3003): ["Jeringas, Agujas e Infusi\u00f3n > Agujas","Jeringas, Agujas e Infusi\u00f3n"].
2025-12-29T20:49:25+00:00 DEBUG Automattic\WooCommerce\GoogleListingsAndAds\Product\WCProductAdapter::map_product_categories Product category (ID: 3003): ["Jeringas, Agujas e Infusi\u00f3n > Agujas","Jeringas, Agujas e Infusi\u00f3n"].
2025-12-29T20:49:25+00:00 DEBUG Automattic\WooCommerce\GoogleListingsAndAds\Product\WCProductAdapter::map_product_categories Product category (ID: 3003): ["Jeringas, Agujas e Infusi\u00f3n > Agujas","Jeringas, Agujas e Infusi\u00f3n"].
2025-12-29T20:49:25+00:00 DEBUG Automattic\WooCommerce\GoogleListingsAndAds\Product\WCProductAdapter::map_product_categories Product category (ID: 3003): ["Jeringas, Agujas e Infusi\u00f3n > Agujas","Jeringas, Agujas e Infusi\u00f3n"].
2025-12-29T20:49:25+00:00 DEBUG Automattic\WooCommerce\GoogleListingsAndAds\Product\WCProductAdapter::map_product_categories Product category (ID: 3003): ["Jeringas, Agujas e Infusi\u00f3n > Agujas","Jeringas, Agujas e Infusi\u00f3n"].
2025-12-29T20:49:25+00:00 DEBUG Automattic\WooCommerce\GoogleListingsAndAds\Product\WCProductAdapter::map_product_categories Product category (ID: 3003): ["Jeringas, Agujas e Infusi\u00f3n > Agujas","Jeringas, Agujas e Infusi\u00f3n"].
2025-12-29T20:49:25+00:00 DEBUG Automattic\WooCommerce\GoogleListingsAndAds\Product\WCProductAdapter::map_product_categories Product category (ID: 3003): ["Jeringas, Agujas e Infusi\u00f3n > Agujas","Jeringas, Agujas e Infusi\u00f3n"].
2025-12-29T20:49:25+00:00 DEBUG Automattic\WooCommerce\GoogleListingsAndAds\Product\WCProductAdapter::map_product_categories Product category (ID: 3003): ["Jeringas, Agujas e Infusi\u00f3n > Agujas","Jeringas, Agujas e Infusi\u00f3n"].
2025-12-29T20:49:25+00:00 DEBUG Automattic\WooCommerce\GoogleListingsAndAds\Product\WCProductAdapter::map_product_categories Product category (ID: 3003): ["Jeringas, Agujas e Infusi\u00f3n > Agujas","Jeringas, Agujas e Infusi\u00f3n"].
2025-12-29T20:49:25+00:00 DEBUG Automattic\WooCommerce\GoogleListingsAndAds\Product\WCProductAdapter::map_product_categories Product category (ID: 3003): ["Jeringas, Agujas e Infusi\u00f3n > Agujas","Jeringas, Agujas e Infusi\u00f3n"].
2025-12-29T20:49:25+00:00 DEBUG Automattic\WooCommerce\GoogleListingsAndAds\Product\WCProductAdapter::map_product_categories Product category (ID: 3003): ["Jeringas, Agujas e Infusi\u00f3n > Agujas","Jeringas, Agujas e Infusi\u00f3n"].
2025-12-29T20:49:25+00:00 DEBUG Automattic\WooCommerce\GoogleListingsAndAds\Product\WCProductAdapter::map_product_categories Product category (ID: 3003): ["Jeringas, Agujas e Infusi\u00f3n > Agujas","Jeringas, Agujas e Infusi\u00f3n"].
2025-12-29T20:49:26+00:00 DEBUG Automattic\WooCommerce\GoogleListingsAndAds\Product\WCProductAdapter::map_product_categories Product category (ID: 3003): ["Jeringas, Agujas e Infusi\u00f3n > Agujas","Jeringas, Agujas e Infusi\u00f3n"].
2025-12-29T20:49:26+00:00 DEBUG Automattic\WooCommerce\GoogleListingsAndAds\Product\WCProductAdapter::map_product_categories Product category (ID: 3003): ["Jeringas, Agujas e Infusi\u00f3n > Agujas","Jeringas, Agujas e Infusi\u00f3n"].
2025-12-29T20:49:26+00:00 DEBUG Automattic\WooCommerce\GoogleListingsAndAds\Product\WCProductAdapter::map_product_categories Product category (ID: 3003): ["Jeringas, Agujas e Infusi\u00f3n > Agujas","Jeringas, Agujas e Infusi\u00f3n"].
2025-12-29T20:49:26+00:00 DEBUG Automattic\WooCommerce\GoogleListingsAndAds\Product\WCProductAdapter::map_product_categories Product category (ID: 3003): ["Jeringas, Agujas e Infusi\u00f3n > Agujas","Jeringas, Agujas e Infusi\u00f3n"].
2025-12-29T20:49:26+00:00 DEBUG Automattic\WooCommerce\GoogleListingsAndAds\Product\WCProductAdapter::map_product_categories Product category (ID: 3000): ["Cuidado de heridas > Algodones y Gasas","Cuidado de heridas","Cuidado de heridas > Ap\u00f3sitos y Parches > Fixomull","Cuidado de heridas > Cintas y vendajes > Vendas adhesivas"].
2025-12-29T20:49:26+00:00 DEBUG Automattic\WooCommerce\GoogleListingsAndAds\Product\WCProductAdapter::map_product_categories Product category (ID: 3000): ["Cuidado de heridas > Algodones y Gasas","Cuidado de heridas","Cuidado de heridas > Ap\u00f3sitos y Parches > Fixomull","Cuidado de heridas > Cintas y vendajes > Vendas adhesivas"].
2025-12-29T20:49:26+00:00 DEBUG Automattic\WooCommerce\GoogleListingsAndAds\Product\WCProductAdapter::map_product_categories Product category (ID: 3000): ["Cuidado de heridas > Algodones y Gasas","Cuidado de heridas","Cuidado de heridas > Ap\u00f3sitos y Parches > Fixomull","Cuidado de heridas > Cintas y vendajes > Vendas adhesivas"].
2025-12-29T20:49:26+00:00 DEBUG Automattic\WooCommerce\GoogleListingsAndAds\Product\WCProductAdapter::map_product_categories Product category (ID: 3001): ["Cuidado de heridas > Algodones y Gasas","Cuidado de heridas","Cuidado de heridas > Cintas y vendajes > Vendas el\u00e1sticas"].
2025-12-29T20:49:26+00:00 DEBUG Automattic\WooCommerce\GoogleListingsAndAds\Product\WCProductAdapter::map_product_categories Product category (ID: 3001): ["Cuidado de heridas > Algodones y Gasas","Cuidado de heridas","Cuidado de heridas > Cintas y vendajes > Vendas el\u00e1sticas"].
2025-12-29T20:49:26+00:00 DEBUG Automattic\WooCommerce\GoogleListingsAndAds\Product\WCProductAdapter::map_product_categories Product category (ID: 3001): ["Cuidado de heridas > Algodones y Gasas","Cuidado de heridas","Cuidado de heridas > Cintas y vendajes > Vendas el\u00e1sticas"].
2025-12-29T20:49:26+00:00 DEBUG Automattic\WooCommerce\GoogleListingsAndAds\Product\WCProductAdapter::map_product_categories Product category (ID: 3001): ["Cuidado de heridas > Algodones y Gasas","Cuidado de heridas","Cuidado de heridas > Cintas y vendajes > Vendas el\u00e1sticas"].
2025-12-29T20:49:26+00:00 DEBUG Automattic\WooCommerce\GoogleListingsAndAds\Product\WCProductAdapter::map_product_categories Product category (ID: 3001): ["Cuidado de heridas > Algodones y Gasas","Cuidado de heridas","Cuidado de heridas > Cintas y vendajes > Vendas el\u00e1sticas"].
2025-12-29T20:49:26+00:00 DEBUG Automattic\WooCommerce\GoogleListingsAndAds\Product\WCProductAdapter::map_product_categories Product category (ID: 3003): ["Jeringas, Agujas e Infusi\u00f3n > Agujas","Jeringas, Agujas e Infusi\u00f3n"].
2025-12-29T20:49:26+00:00 DEBUG Automattic\WooCommerce\GoogleListingsAndAds\Product\WCProductAdapter::map_product_categories Product category (ID: 3003): ["Jeringas, Agujas e Infusi\u00f3n > Agujas","Jeringas, Agujas e Infusi\u00f3n"].
2025-12-29T20:49:26+00:00 DEBUG Automattic\WooCommerce\GoogleListingsAndAds\Product\WCProductAdapter::map_product_categories Product category (ID: 3003): ["Jeringas, Agujas e Infusi\u00f3n > Agujas","Jeringas, Agujas e Infusi\u00f3n"].
2025-12-29T20:49:26+00:00 DEBUG Automattic\WooCommerce\GoogleListingsAndAds\Product\WCProductAdapter::map_product_categories Product category (ID: 3003): ["Jeringas, Agujas e Infusi\u00f3n > Agujas","Jeringas, Agujas e Infusi\u00f3n"].
2025-12-29T20:49:26+00:00 DEBUG Automattic\WooCommerce\GoogleListingsAndAds\Product\WCProductAdapter::map_product_categories Product category (ID: 3003): ["Jeringas, Agujas e Infusi\u00f3n > Agujas","Jeringas, Agujas e Infusi\u00f3n"].
2025-12-29T20:49:26+00:00 DEBUG Automattic\WooCommerce\GoogleListingsAndAds\Product\WCProductAdapter::map_product_categories Product category (ID: 3003): ["Jeringas, Agujas e Infusi\u00f3n > Agujas","Jeringas, Agujas e Infusi\u00f3n"].
2025-12-29T20:49:26+00:00 DEBUG Automattic\WooCommerce\GoogleListingsAndAds\Product\WCProductAdapter::map_product_categories Product category (ID: 3003): ["Jeringas, Agujas e Infusi\u00f3n > Agujas","Jeringas, Agujas e Infusi\u00f3n"].
2025-12-29T20:49:26+00:00 DEBUG Automattic\WooCommerce\GoogleListingsAndAds\Product\WCProductAdapter::map_product_categories Product category (ID: 3003): ["Jeringas, Agujas e Infusi\u00f3n > Agujas","Jeringas, Agujas e Infusi\u00f3n"].
2025-12-29T20:49:26+00:00 DEBUG Automattic\WooCommerce\GoogleListingsAndAds\Product\WCProductAdapter::map_product_categories Product category (ID: 3003): ["Jeringas, Agujas e Infusi\u00f3n > Agujas","Jeringas, Agujas e Infusi\u00f3n"].
2025-12-29T20:49:26+00:00 DEBUG Automattic\WooCommerce\GoogleListingsAndAds\Product\WCProductAdapter::map_product_categories Product category (ID: 3003): ["Jeringas, Agujas e Infusi\u00f3n > Agujas","Jeringas, Agujas e Infusi\u00f3n"].
2025-12-29T20:49:26+00:00 DEBUG Automattic\WooCommerce\GoogleListingsAndAds\Product\WCProductAdapter::map_product_categories Product category (ID: 3003): ["Jeringas, Agujas e Infusi\u00f3n > Agujas","Jeringas, Agujas e Infusi\u00f3n"].
2025-12-29T20:49:26+00:00 DEBUG Automattic\WooCommerce\GoogleListingsAndAds\Product\WCProductAdapter::map_product_categories Product category (ID: 3003): ["Jeringas, Agujas e Infusi\u00f3n > Agujas","Jeringas, Agujas e Infusi\u00f3n"].
2025-12-29T20:49:26+00:00 DEBUG Automattic\WooCommerce\GoogleListingsAndAds\Product\WCProductAdapter::map_product_categories Product category (ID: 3003): ["Jeringas, Agujas e Infusi\u00f3n > Agujas","Jeringas, Agujas e Infusi\u00f3n"].
2025-12-29T20:49:26+00:00 DEBUG Automattic\WooCommerce\GoogleListingsAndAds\Product\WCProductAdapter::map_product_categories Product category (ID: 3003): ["Jeringas, Agujas e Infusi\u00f3n > Agujas","Jeringas, Agujas e Infusi\u00f3n"].
2025-12-29T20:49:26+00:00 DEBUG Automattic\WooCommerce\GoogleListingsAndAds\Product\WCProductAdapter::map_product_categories Product category (ID: 3003): ["Jeringas, Agujas e Infusi\u00f3n > Agujas","Jeringas, Agujas e Infusi\u00f3n"].
2025-12-29T20:49:26+00:00 DEBUG Automattic\WooCommerce\GoogleListingsAndAds\Product\WCProductAdapter::map_product_categories Product category (ID: 3003): ["Jeringas, Agujas e Infusi\u00f3n > Agujas","Jeringas, Agujas e Infusi\u00f3n"].
2025-12-29T20:49:26+00:00 DEBUG Automattic\WooCommerce\GoogleListingsAndAds\Product\WCProductAdapter::map_product_categories Product category (ID: 3003): ["Jeringas, Agujas e Infusi\u00f3n > Agujas","Jeringas, Agujas e Infusi\u00f3n"].
2025-12-29T20:49:26+00:00 DEBUG Automattic\WooCommerce\GoogleListingsAndAds\Product\WCProductAdapter::map_product_categories Product category (ID: 3003): ["Jeringas, Agujas e Infusi\u00f3n > Agujas","Jeringas, Agujas e Infusi\u00f3n"].
2025-12-29T20:49:26+00:00 DEBUG Automattic\WooCommerce\GoogleListingsAndAds\Product\WCProductAdapter::map_product_categories Product category (ID: 3093): ["Productos L\u00edquidos > Jabones","Productos L\u00edquidos"].
2025-12-29T20:49:26+00:00 DEBUG Automattic\WooCommerce\GoogleListingsAndAds\Product\WCProductAdapter::map_product_categories Product category (ID: 3114): ["Cuidado de heridas > Ap\u00f3sitos y Parches","Cuidado de heridas > Hidrogeles y Protectores Cut\u00e1neos"].
2025-12-29T20:49:26+00:00 DEBUG Automattic\WooCommerce\GoogleListingsAndAds\Product\WCProductAdapter::map_product_categories Product category (ID: 3198): ["Productos Veterinarios"].
2025-12-29T20:49:26+00:00 DEBUG Automattic\WooCommerce\GoogleListingsAndAds\Product\WCProductAdapter::map_product_categories Product category (ID: 3261): ["Elementos de Protecci\u00f3n > Guantes > Accutouch","Cuidado e Higiene de Pacientes","Elementos de Protecci\u00f3n","Elementos de Protecci\u00f3n > EPP","Elementos de Protecci\u00f3n > Guantes","Cuidado e Higiene de Pacientes > Limpieza de Pacientes","Elementos de Protecci\u00f3n > Guantes > Sin Polvo","Elementos de Protecci\u00f3n > Guantes > Vinilo"].
2025-12-29T20:49:26+00:00 DEBUG Automattic\WooCommerce\GoogleListingsAndAds\Product\WCProductAdapter::map_product_categories Product category (ID: 3313): ["Cuidado de heridas > Cintas y vendajes","Conkote","Cuidado de heridas","Cuidado de heridas > Cintas y vendajes > Vendas adhesivas"].
2025-12-29T20:49:26+00:00 DEBUG Automattic\WooCommerce\GoogleListingsAndAds\Product\WCProductAdapter::map_product_categories Product category (ID: 3313): ["Cuidado de heridas > Cintas y vendajes","Conkote","Cuidado de heridas","Cuidado de heridas > Cintas y vendajes > Vendas adhesivas"].
2025-12-29T20:49:26+00:00 DEBUG Automattic\WooCommerce\GoogleListingsAndAds\Product\WCProductAdapter::map_product_categories Product category (ID: 3502): ["Cuidado e Higiene de Pacientes","Equipos Medicos","Equipos Medicos > Term\u00f3metros"].
2025-12-29T20:49:26+00:00 DEBUG Automattic\WooCommerce\GoogleListingsAndAds\Product\WCProductAdapter::map_product_categories Product category (ID: 3532): ["Cuidado de heridas > Ap\u00f3sitos y Parches","Cuidado de heridas","Elementos de Protecci\u00f3n","Elementos de Protecci\u00f3n > EPP"].
2025-12-29T20:49:26+00:00 DEBUG Automattic\WooCommerce\GoogleListingsAndAds\Product\WCProductAdapter::map_product_categories Product category (ID: 3535): ["Cuidado de heridas > Algodones y Gasas","Cuidado de heridas > Cintas y vendajes","Cuidado de heridas"].
2025-12-29T20:49:26+00:00 DEBUG Automattic\WooCommerce\GoogleListingsAndAds\Product\WCProductAdapter::map_product_categories Product category (ID: 3559): ["Cuidado de heridas > Algodones y Gasas","Cuidado de heridas > Cintas y vendajes","Cuidado de heridas","Elementos de Protecci\u00f3n","Cuidado de heridas > Cintas y vendajes > Vendaje neuromuscular"].
2025-12-29T20:49:26+00:00 DEBUG Automattic\WooCommerce\GoogleListingsAndAds\Product\WCProductAdapter::map_product_categories Product category (ID: 3559): ["Cuidado de heridas > Algodones y Gasas","Cuidado de heridas > Cintas y vendajes","Cuidado de heridas","Elementos de Protecci\u00f3n","Cuidado de heridas > Cintas y vendajes > Vendaje neuromuscular"].
2025-12-29T20:49:26+00:00 DEBUG Automattic\WooCommerce\GoogleListingsAndAds\Product\WCProductAdapter::map_product_categories Product category (ID: 3559): ["Cuidado de heridas > Algodones y Gasas","Cuidado de heridas > Cintas y vendajes","Cuidado de heridas","Elementos de Protecci\u00f3n","Cuidado de heridas > Cintas y vendajes > Vendaje neuromuscular"].
2025-12-29T20:49:26+00:00 DEBUG Automattic\WooCommerce\GoogleListingsAndAds\Product\WCProductAdapter::map_product_categories Product category (ID: 3559): ["Cuidado de heridas > Algodones y Gasas","Cuidado de heridas > Cintas y vendajes","Cuidado de heridas","Elementos de Protecci\u00f3n","Cuidado de heridas > Cintas y vendajes > Vendaje neuromuscular"].
2025-12-29T20:49:26+00:00 DEBUG Automattic\WooCommerce\GoogleListingsAndAds\Product\WCProductAdapter::map_product_categories Product category (ID: 3559): ["Cuidado de heridas > Algodones y Gasas","Cuidado de heridas > Cintas y vendajes","Cuidado de heridas","Elementos de Protecci\u00f3n","Cuidado de heridas > Cintas y vendajes > Vendaje neuromuscular"].
2025-12-29T20:49:26+00:00 DEBUG Automattic\WooCommerce\GoogleListingsAndAds\Product\WCProductAdapter::map_product_categories Product category (ID: 3559): ["Cuidado de heridas > Algodones y Gasas","Cuidado de heridas > Cintas y vendajes","Cuidado de heridas","Elementos de Protecci\u00f3n","Cuidado de heridas > Cintas y vendajes > Vendaje neuromuscular"].
2025-12-29T20:49:26+00:00 DEBUG Automattic\WooCommerce\GoogleListingsAndAds\Product\WCProductAdapter::map_product_categories Product category (ID: 3559): ["Cuidado de heridas > Algodones y Gasas","Cuidado de heridas > Cintas y vendajes","Cuidado de heridas","Elementos de Protecci\u00f3n","Cuidado de heridas > Cintas y vendajes > Vendaje neuromuscular"].
2025-12-29T20:49:26+00:00 DEBUG Automattic\WooCommerce\GoogleListingsAndAds\Product\WCProductAdapter::map_product_categories Product category (ID: 3559): ["Cuidado de heridas > Algodones y Gasas","Cuidado de heridas > Cintas y vendajes","Cuidado de heridas","Elementos de Protecci\u00f3n","Cuidado de heridas > Cintas y vendajes > Vendaje neuromuscular"].
2025-12-29T20:49:26+00:00 DEBUG Automattic\WooCommerce\GoogleListingsAndAds\Product\WCProductAdapter::map_product_categories Product category (ID: 3559): ["Cuidado de heridas > Algodones y Gasas","Cuidado de heridas > Cintas y vendajes","Cuidado de heridas","Elementos de Protecci\u00f3n","Cuidado de heridas > Cintas y vendajes > Vendaje neuromuscular"].
2025-12-29T20:49:26+00:00 DEBUG Automattic\WooCommerce\GoogleListingsAndAds\Product\WCProductAdapter::map_product_categories Product category (ID: 3559): ["Cuidado de heridas > Algodones y Gasas","Cuidado de heridas > Cintas y vendajes","Cuidado de heridas","Elementos de Protecci\u00f3n","Cuidado de heridas > Cintas y vendajes > Vendaje neuromuscular"].
2025-12-29T20:49:26+00:00 DEBUG Automattic\WooCommerce\GoogleListingsAndAds\Product\WCProductAdapter::map_product_categories Product category (ID: 3559): ["Cuidado de heridas > Algodones y Gasas","Cuidado de heridas > Cintas y vendajes","Cuidado de heridas","Elementos de Protecci\u00f3n","Cuidado de heridas > Cintas y vendajes > Vendaje neuromuscular"].
2025-12-29T20:49:26+00:00 DEBUG Automattic\WooCommerce\GoogleListingsAndAds\Product\WCProductAdapter::map_product_categories Product category (ID: 3559): ["Cuidado de heridas > Algodones y Gasas","Cuidado de heridas > Cintas y vendajes","Cuidado de heridas","Elementos de Protecci\u00f3n","Cuidado de heridas > Cintas y vendajes > Vendaje neuromuscular"].
2025-12-29T20:49:26+00:00 DEBUG Automattic\WooCommerce\GoogleListingsAndAds\Product\WCProductAdapter::map_product_categories Product category (ID: 3588): ["Elementos de Protecci\u00f3n","Elementos de Protecci\u00f3n > Guantes"].
2025-12-29T20:49:26+00:00 DEBUG Automattic\WooCommerce\GoogleListingsAndAds\Product\WCProductAdapter::map_product_categories Product category (ID: 3588): ["Elementos de Protecci\u00f3n","Elementos de Protecci\u00f3n > Guantes"].
2025-12-29T20:49:26+00:00 DEBUG Automattic\WooCommerce\GoogleListingsAndAds\Product\WCProductAdapter::map_product_categories Product category (ID: 3588): ["Elementos de Protecci\u00f3n","Elementos de Protecci\u00f3n > Guantes"].
2025-12-29T20:49:26+00:00 DEBUG Automattic\WooCommerce\GoogleListingsAndAds\Product\WCProductAdapter::map_product_categories Product category (ID: 3588): ["Elementos de Protecci\u00f3n","Elementos de Protecci\u00f3n > Guantes"].
2025-12-29T20:49:26+00:00 DEBUG Automattic\WooCommerce\GoogleListingsAndAds\Product\WCProductAdapter::map_product_categories Product category (ID: 3588): ["Elementos de Protecci\u00f3n","Elementos de Protecci\u00f3n > Guantes"].
2025-12-29T20:49:26+00:00 DEBUG Automattic\WooCommerce\GoogleListingsAndAds\Product\WCProductAdapter::map_product_categories Product category (ID: 3588): ["Elementos de Protecci\u00f3n","Elementos de Protecci\u00f3n > Guantes"].
2025-12-29T20:49:29+00:00 DEBUG Automattic\WooCommerce\GoogleListingsAndAds\Product\ProductSyncer::update_by_batch_requests Submitted 90 products:
[{"woocommerce_id":2262,"google_id":"online:es:CL:gla_2262"},{"woocommerce_id":2263,"google_id":"online:es:CL:gla_2263"},{"woocommerce_id":2264,"google_id":"online:es:CL:gla_2264"},{"woocommerce_id":2265,"google_id":"online:es:CL:gla_2265"},{"woocommerce_id":2262,"google_id":"online:es:CL:gla_2262"},{"woocommerce_id":2263,"google_id":"online:es:CL:gla_2263"},{"woocommerce_id":2264,"google_id":"online:es:CL:gla_2264"},{"woocommerce_id":2265,"google_id":"online:es:CL:gla_2265"},{"woocommerce_id":2774,"google_id":"online:es:CL:gla_2774"},{"woocommerce_id":2774,"google_id":"online:es:CL:gla_2774"},{"woocommerce_id":2972,"google_id":"online:es:CL:gla_2972"},{"woocommerce_id":3004,"google_id":"online:es:CL:gla_3004"},{"woocommerce_id":3005,"google_id":"online:es:CL:gla_3005"},{"woocommerce_id":3006,"google_id":"online:es:CL:gla_3006"},{"woocommerce_id":3007,"google_id":"online:es:CL:gla_3007"},{"woocommerce_id":3008,"google_id":"online:es:CL:gla_3008"},{"woocommerce_id":3009,"google_id":"online:es:CL:gla_3009"},{"woocommerce_id":3010,"google_id":"online:es:CL:gla_3010"},{"woocommerce_id":3011,"google_id":"online:es:CL:gla_3011"},{"woocommerce_id":3023,"google_id":"online:es:CL:gla_3023"},{"woocommerce_id":3022,"google_id":"online:es:CL:gla_3022"},{"woocommerce_id":3024,"google_id":"online:es:CL:gla_3024"},{"woocommerce_id":3025,"google_id":"online:es:CL:gla_3025"},{"woocommerce_id":3026,"google_id":"online:es:CL:gla_3026"},{"woocommerce_id":3027,"google_id":"online:es:CL:gla_3027"},{"woocommerce_id":3028,"google_id":"online:es:CL:gla_3028"},{"woocommerce_id":3029,"google_id":"online:es:CL:gla_3029"},{"woocommerce_id":3030,"google_id":"online:es:CL:gla_3030"},{"woocommerce_id":3031,"google_id":"online:es:CL:gla_3031"},{"woocommerce_id":3032,"google_id":"online:es:CL:gla_3032"},{"woocommerce_id":3034,"google_id":"online:es:CL:gla_3034"},{"woocommerce_id":3033,"google_id":"online:es:CL:gla_3033"},{"woocommerce_id":3035,"google_id":"online:es:CL:gla_3035"},{"woocommerce_id":3036,"google_id":"online:es:CL:gla_3036"},{"woocommerce_id":3037,"google_id":"online:es:CL:gla_3037"},{"woocommerce_id":3038,"google_id":"online:es:CL:gla_3038"},{"woocommerce_id":3039,"google_id":"online:es:CL:gla_3039"},{"woocommerce_id":3004,"google_id":"online:es:CL:gla_3004"},{"woocommerce_id":3005,"google_id":"online:es:CL:gla_3005"},{"woocommerce_id":3006,"google_id":"online:es:CL:gla_3006"},{"woocommerce_id":3007,"google_id":"online:es:CL:gla_3007"},{"woocommerce_id":3008,"google_id":"online:es:CL:gla_3008"},{"woocommerce_id":3009,"google_id":"online:es:CL:gla_3009"},{"woocommerce_id":3010,"google_id":"online:es:CL:gla_3010"},{"woocommerce_id":3011,"google_id":"online:es:CL:gla_3011"},{"woocommerce_id":3022,"google_id":"online:es:CL:gla_3022"},{"woocommerce_id":3023,"google_id":"online:es:CL:gla_3023"},{"woocommerce_id":3024,"google_id":"online:es:CL:gla_3024"},{"woocommerce_id":3025,"google_id":"online:es:CL:gla_3025"},{"woocommerce_id":3026,"google_id":"online:es:CL:gla_3026"},{"woocommerce_id":3027,"google_id":"online:es:CL:gla_3027"},{"woocommerce_id":3028,"google_id":"online:es:CL:gla_3028"},{"woocommerce_id":3029,"google_id":"online:es:CL:gla_3029"},{"woocommerce_id":3030,"google_id":"online:es:CL:gla_3030"},{"woocommerce_id":3031,"google_id":"online:es:CL:gla_3031"},{"woocommerce_id":3032,"google_id":"online:es:CL:gla_3032"},{"woocommerce_id":3033,"google_id":"online:es:CL:gla_3033"},{"woocommerce_id":3034,"google_id":"online:es:CL:gla_3034"},{"woocommerce_id":3035,"google_id":"online:es:CL:gla_3035"},{"woocommerce_id":3036,"google_id":"online:es:CL:gla_3036"},{"woocommerce_id":3037,"google_id":"online:es:CL:gla_3037"},{"woocommerce_id":3038,"google_id":"online:es:CL:gla_3038"},{"woocommerce_id":3039,"google_id":"online:es:CL:gla_3039"},{"woocommerce_id":3093,"google_id":"online:es:CL:gla_3093"},{"woocommerce_id":3114,"google_id":"online:es:CL:gla_3114"},{"woocommerce_id":3198,"google_id":"online:es:CL:gla_3198"},{"woocommerce_id":3261,"google_id":"online:es:CL:gla_3261"},{"woocommerce_id":3314,"google_id":"online:es:CL:gla_3314"},{"woocommerce_id":3314,"google_id":"online:es:CL:gla_3314"},{"woocommerce_id":3502,"google_id":"online:es:CL:gla_3502"},{"woocommerce_id":3532,"google_id":"online:es:CL:gla_3532"},{"woocommerce_id":3535,"google_id":"online:es:CL:gla_3535"},{"woocommerce_id":3560,"google_id":"online:es:CL:gla_3560"},{"woocommerce_id":3561,"google_id":"online:es:CL:gla_3561"},{"woocommerce_id":3562,"google_id":"online:es:CL:gla_3562"},{"woocommerce_id":3563,"google_id":"online:es:CL:gla_3563"},{"woocommerce_id":3564,"google_id":"online:es:CL:gla_3564"},{"woocommerce_id":3565,"google_id":"online:es:CL:gla_3565"},{"woocommerce_id":3560,"google_id":"online:es:CL:gla_3560"},{"woocommerce_id":3561,"google_id":"online:es:CL:gla_3561"},{"woocommerce_id":3562,"google_id":"online:es:CL:gla_3562"},{"woocommerce_id":3563,"google_id":"online:es:CL:gla_3563"},{"woocommerce_id":3564,"google_id":"online:es:CL:gla_3564"},{"woocommerce_id":3565,"google_id":"online:es:CL:gla_3565"},{"woocommerce_id":3590,"google_id":"online:es:CL:gla_3590"},{"woocommerce_id":3591,"google_id":"online:es:CL:gla_3591"},{"woocommerce_id":3592,"google_id":"online:es:CL:gla_3592"},{"woocommerce_id":3590,"google_id":"online:es:CL:gla_3590"},{"woocommerce_id":3591,"google_id":"online:es:CL:gla_3591"},{"woocommerce_id":3592,"google_id":"online:es:CL:gla_3592"}]
