2026-01-09T02:41:53+00:00 ERROR Automattic\WooCommerce\GoogleListingsAndAds\API\Google\MerchantPriceBenchmarks::get_price_comparisons_data {
  "error": {
    "code": 400,
    "message": "Market Insights is not enabled for account 5494855875.",
    "errors": [
      {
        "message": "Market Insights is not enabled for account 5494855875.",
        "domain": "global",
        "reason": "failedPrecondition"
      }
    ],
    "status": "FAILED_PRECONDITION",
    "details": [
      {
        "@type": "type.googleapis.com/google.rpc.ErrorInfo",
        "reason": "conditionNotMet",
        "domain": "global"
      }
    ]
  }
}
2026-01-09T02:41:53+00:00 DEBUG Automattic\WooCommerce\GoogleListingsAndAds\MerchantCenter\PriceBenchmarks::update_price_benchmarks Unable to retrieve price benchmark data
2026-01-09T02:42:00+00:00 DEBUG Automattic\WooCommerce\GoogleListingsAndAds\Product\WCProductAdapter::map_product_categories Product category (ID: 2252): ["Cuidado de heridas > Algodones y Gasas","Cuidado de heridas","Cuidado de heridas > Ap\u00f3sitos y Parches > No Tejidas"].
2026-01-09T02:42:00+00:00 DEBUG Automattic\WooCommerce\GoogleListingsAndAds\Product\WCProductAdapter::map_product_categories Product category (ID: 2252): ["Cuidado de heridas > Algodones y Gasas","Cuidado de heridas","Cuidado de heridas > Ap\u00f3sitos y Parches > No Tejidas"].
2026-01-09T02:42:00+00:00 DEBUG Automattic\WooCommerce\GoogleListingsAndAds\Product\WCProductAdapter::map_product_categories Product category (ID: 2252): ["Cuidado de heridas > Algodones y Gasas","Cuidado de heridas","Cuidado de heridas > Ap\u00f3sitos y Parches > No Tejidas"].
2026-01-09T02:42:01+00:00 DEBUG Automattic\WooCommerce\GoogleListingsAndAds\Product\WCProductAdapter::map_product_categories Product category (ID: 2255): ["Jeringas, Agujas e Infusi\u00f3n > Jeringas","Jeringas, Agujas e Infusi\u00f3n"].
2026-01-09T02:42:01+00:00 DEBUG Automattic\WooCommerce\GoogleListingsAndAds\Product\WCProductAdapter::map_product_categories Product category (ID: 2255): ["Jeringas, Agujas e Infusi\u00f3n > Jeringas","Jeringas, Agujas e Infusi\u00f3n"].
2026-01-09T02:42:01+00:00 DEBUG Automattic\WooCommerce\GoogleListingsAndAds\Product\WCProductAdapter::map_product_categories Product category (ID: 2311): ["Cuidado de heridas > Algodones y Gasas","Cuidado de heridas > Ap\u00f3sitos y Parches","Cuidado de heridas","Cuidado de heridas > Ap\u00f3sitos y Parches > Parafinada"].
2026-01-09T02:42:01+00:00 DEBUG Automattic\WooCommerce\GoogleListingsAndAds\Product\WCProductAdapter::map_product_categories Product category (ID: 2315): ["Cuidado de heridas > Ap\u00f3sitos y Parches","Cuidado de heridas","Cuidado de heridas > Ap\u00f3sitos y Parches > Hidr\u00f3fila"].
2026-01-09T02:42:01+00:00 DEBUG Automattic\WooCommerce\GoogleListingsAndAds\Product\WCProductAdapter::map_product_categories Product category (ID: 2746): ["Cuidado de heridas > Cintas y vendajes","Cuidado de heridas","Cuidado de heridas > Cintas y vendajes > Vendas de yeso"].
2026-01-09T02:42:01+00:00 DEBUG Automattic\WooCommerce\GoogleListingsAndAds\Product\WCProductAdapter::map_product_categories Product category (ID: 2747): ["Cuidado e Higiene de Pacientes > Antis\u00e9pticos y Desinfectantes","Cuidado de heridas","Cuidado e Higiene de Pacientes","Productos L\u00edquidos"].
2026-01-09T02:42:01+00:00 DEBUG Automattic\WooCommerce\GoogleListingsAndAds\Product\WCProductAdapter::map_product_categories Product category (ID: 2746): ["Cuidado de heridas > Cintas y vendajes","Cuidado de heridas","Cuidado de heridas > Cintas y vendajes > Vendas de yeso"].
2026-01-09T02:42:01+00:00 DEBUG Automattic\WooCommerce\GoogleListingsAndAds\Product\WCProductAdapter::map_product_categories Product category (ID: 2747): ["Cuidado e Higiene de Pacientes > Antis\u00e9pticos y Desinfectantes","Cuidado de heridas","Cuidado e Higiene de Pacientes","Productos L\u00edquidos"].
2026-01-09T02:42:01+00:00 DEBUG Automattic\WooCommerce\GoogleListingsAndAds\Product\WCProductAdapter::map_product_categories Product category (ID: 3002): ["Cuidado e Higiene de Pacientes","Elementos de Protecci\u00f3n","Elementos de Protecci\u00f3n > EPP"].
2026-01-09T02:42:01+00:00 DEBUG Automattic\WooCommerce\GoogleListingsAndAds\Product\WCProductAdapter::map_product_categories Product category (ID: 3002): ["Cuidado e Higiene de Pacientes","Elementos de Protecci\u00f3n","Elementos de Protecci\u00f3n > EPP"].
2026-01-09T02:42:01+00:00 DEBUG Automattic\WooCommerce\GoogleListingsAndAds\Product\WCProductAdapter::map_product_categories Product category (ID: 3002): ["Cuidado e Higiene de Pacientes","Elementos de Protecci\u00f3n","Elementos de Protecci\u00f3n > EPP"].
2026-01-09T02:42:01+00:00 DEBUG Automattic\WooCommerce\GoogleListingsAndAds\Product\WCProductAdapter::map_product_categories Product category (ID: 3002): ["Cuidado e Higiene de Pacientes","Elementos de Protecci\u00f3n","Elementos de Protecci\u00f3n > EPP"].
2026-01-09T02:42:01+00:00 DEBUG Automattic\WooCommerce\GoogleListingsAndAds\Product\WCProductAdapter::map_product_categories Product category (ID: 3014): ["Cuidado de heridas > Algodones y Gasas","Cuidado e Higiene de Pacientes > Antis\u00e9pticos y Desinfectantes","Cuidado de heridas"].
2026-01-09T02:42:01+00:00 DEBUG Automattic\WooCommerce\GoogleListingsAndAds\Product\WCProductAdapter::map_product_categories Product category (ID: 3002): ["Cuidado e Higiene de Pacientes","Elementos de Protecci\u00f3n","Elementos de Protecci\u00f3n > EPP"].
2026-01-09T02:42:01+00:00 DEBUG Automattic\WooCommerce\GoogleListingsAndAds\Product\WCProductAdapter::map_product_categories Product category (ID: 3002): ["Cuidado e Higiene de Pacientes","Elementos de Protecci\u00f3n","Elementos de Protecci\u00f3n > EPP"].
2026-01-09T02:42:01+00:00 DEBUG Automattic\WooCommerce\GoogleListingsAndAds\Product\WCProductAdapter::map_product_categories Product category (ID: 3002): ["Cuidado e Higiene de Pacientes","Elementos de Protecci\u00f3n","Elementos de Protecci\u00f3n > EPP"].
2026-01-09T02:42:01+00:00 DEBUG Automattic\WooCommerce\GoogleListingsAndAds\Product\WCProductAdapter::map_product_categories Product category (ID: 3002): ["Cuidado e Higiene de Pacientes","Elementos de Protecci\u00f3n","Elementos de Protecci\u00f3n > EPP"].
2026-01-09T02:42:01+00:00 DEBUG Automattic\WooCommerce\GoogleListingsAndAds\Product\WCProductAdapter::map_product_categories Product category (ID: 3040): ["Cuidado e Higiene de Pacientes","Productos L\u00edquidos"].
2026-01-09T02:42:01+00:00 DEBUG Automattic\WooCommerce\GoogleListingsAndAds\Product\WCProductAdapter::map_product_categories Product category (ID: 3045): ["Cuidado de heridas > Cintas y vendajes","Cuidado de heridas","Cuidado de heridas > Cintas y vendajes > Vendas adhesivas"].
2026-01-09T02:42:01+00:00 DEBUG Automattic\WooCommerce\GoogleListingsAndAds\Product\WCProductAdapter::map_product_categories Product category (ID: 3048): ["Cuidado de heridas"].
2026-01-09T02:42:01+00:00 DEBUG Automattic\WooCommerce\GoogleListingsAndAds\Product\WCProductAdapter::map_product_categories Product category (ID: 3091): ["Productos L\u00edquidos > Alcoholes","Cuidado e Higiene de Pacientes > Antis\u00e9pticos y Desinfectantes","Cuidado e Higiene de Pacientes","Productos L\u00edquidos"].
2026-01-09T02:42:01+00:00 DEBUG Automattic\WooCommerce\GoogleListingsAndAds\Product\WCProductAdapter::map_product_categories Product category (ID: 3095): ["Productos L\u00edquidos > Alcoholes en Gel","Cuidado e Higiene de Pacientes > Antis\u00e9pticos y Desinfectantes","Cuidado e Higiene de Pacientes","Productos L\u00edquidos"].
2026-01-09T02:42:01+00:00 DEBUG Automattic\WooCommerce\GoogleListingsAndAds\Product\WCProductAdapter::map_product_categories Product category (ID: 3131): ["Cuidado de heridas","Cuidado de heridas > Hidrogeles y Protectores Cut\u00e1neos"].
2026-01-09T02:42:01+00:00 DEBUG Automattic\WooCommerce\GoogleListingsAndAds\Product\WCProductAdapter::map_product_categories Product category (ID: 3139): ["Cuidado de heridas > Cintas y vendajes","Cuidado de heridas > Cintas y vendajes > Vendas adhesivas"].
2026-01-09T02:42:01+00:00 DEBUG Automattic\WooCommerce\GoogleListingsAndAds\Product\WCProductAdapter::map_product_categories Product category (ID: 3139): ["Cuidado de heridas > Cintas y vendajes","Cuidado de heridas > Cintas y vendajes > Vendas adhesivas"].
2026-01-09T02:42:01+00:00 DEBUG Automattic\WooCommerce\GoogleListingsAndAds\Product\WCProductAdapter::map_product_categories Product category (ID: 3139): ["Cuidado de heridas > Cintas y vendajes","Cuidado de heridas > Cintas y vendajes > Vendas adhesivas"].
2026-01-09T02:42:01+00:00 DEBUG Automattic\WooCommerce\GoogleListingsAndAds\Product\WCProductAdapter::map_product_categories Product category (ID: 3139): ["Cuidado de heridas > Cintas y vendajes","Cuidado de heridas > Cintas y vendajes > Vendas adhesivas"].
2026-01-09T02:42:01+00:00 DEBUG Automattic\WooCommerce\GoogleListingsAndAds\Product\WCProductAdapter::map_product_categories Product category (ID: 3139): ["Cuidado de heridas > Cintas y vendajes","Cuidado de heridas > Cintas y vendajes > Vendas adhesivas"].
2026-01-09T02:42:01+00:00 DEBUG Automattic\WooCommerce\GoogleListingsAndAds\Product\WCProductAdapter::map_product_categories Product category (ID: 2252): ["Cuidado de heridas > Algodones y Gasas","Cuidado de heridas","Cuidado de heridas > Ap\u00f3sitos y Parches > No Tejidas"].
2026-01-09T02:42:01+00:00 DEBUG Automattic\WooCommerce\GoogleListingsAndAds\Product\WCProductAdapter::map_product_categories Product category (ID: 2252): ["Cuidado de heridas > Algodones y Gasas","Cuidado de heridas","Cuidado de heridas > Ap\u00f3sitos y Parches > No Tejidas"].
2026-01-09T02:42:01+00:00 DEBUG Automattic\WooCommerce\GoogleListingsAndAds\Product\WCProductAdapter::map_product_categories Product category (ID: 2252): ["Cuidado de heridas > Algodones y Gasas","Cuidado de heridas","Cuidado de heridas > Ap\u00f3sitos y Parches > No Tejidas"].
2026-01-09T02:42:01+00:00 DEBUG Automattic\WooCommerce\GoogleListingsAndAds\Product\WCProductAdapter::map_product_categories Product category (ID: 3139): ["Cuidado de heridas > Cintas y vendajes","Cuidado de heridas > Cintas y vendajes > Vendas adhesivas"].
2026-01-09T02:42:01+00:00 DEBUG Automattic\WooCommerce\GoogleListingsAndAds\Product\WCProductAdapter::map_product_categories Product category (ID: 3139): ["Cuidado de heridas > Cintas y vendajes","Cuidado de heridas > Cintas y vendajes > Vendas adhesivas"].
2026-01-09T02:42:01+00:00 DEBUG Automattic\WooCommerce\GoogleListingsAndAds\Product\WCProductAdapter::map_product_categories Product category (ID: 3139): ["Cuidado de heridas > Cintas y vendajes","Cuidado de heridas > Cintas y vendajes > Vendas adhesivas"].
2026-01-09T02:42:01+00:00 DEBUG Automattic\WooCommerce\GoogleListingsAndAds\Product\WCProductAdapter::map_product_categories Product category (ID: 3257): ["Elementos de Protecci\u00f3n > Guantes > Accutouch","Cuidado e Higiene de Pacientes","Elementos de Protecci\u00f3n","Elementos de Protecci\u00f3n > EPP","Elementos de Protecci\u00f3n > Guantes","Cuidado e Higiene de Pacientes > Limpieza de Pacientes","Elementos de Protecci\u00f3n > Guantes > Sin Polvo","Elementos de Protecci\u00f3n > Guantes > Vinilo"].
2026-01-09T02:42:01+00:00 DEBUG Automattic\WooCommerce\GoogleListingsAndAds\Product\WCProductAdapter::map_product_categories Product category (ID: 3310): ["Cuidado de heridas > Ap\u00f3sitos y Parches","Conkote","Cuidado de heridas"].
2026-01-09T02:42:01+00:00 DEBUG Automattic\WooCommerce\GoogleListingsAndAds\Product\WCProductAdapter::map_product_categories Product category (ID: 3310): ["Cuidado de heridas > Ap\u00f3sitos y Parches","Conkote","Cuidado de heridas"].
2026-01-09T02:42:01+00:00 DEBUG Automattic\WooCommerce\GoogleListingsAndAds\Product\WCProductAdapter::map_product_categories Product category (ID: 3541): ["Jeringas, Agujas e Infusi\u00f3n > Infusi\u00f3n","Jeringas, Agujas e Infusi\u00f3n"].
2026-01-09T02:42:01+00:00 DEBUG Automattic\WooCommerce\GoogleListingsAndAds\Product\WCProductAdapter::map_product_categories Product category (ID: 3541): ["Jeringas, Agujas e Infusi\u00f3n > Infusi\u00f3n","Jeringas, Agujas e Infusi\u00f3n"].
2026-01-09T02:42:01+00:00 DEBUG Automattic\WooCommerce\GoogleListingsAndAds\Product\WCProductAdapter::map_product_categories Product category (ID: 3541): ["Jeringas, Agujas e Infusi\u00f3n > Infusi\u00f3n","Jeringas, Agujas e Infusi\u00f3n"].
2026-01-09T02:42:01+00:00 DEBUG Automattic\WooCommerce\GoogleListingsAndAds\Product\WCProductAdapter::map_product_categories Product category (ID: 3541): ["Jeringas, Agujas e Infusi\u00f3n > Infusi\u00f3n","Jeringas, Agujas e Infusi\u00f3n"].
2026-01-09T02:42:01+00:00 DEBUG Automattic\WooCommerce\GoogleListingsAndAds\Product\WCProductAdapter::map_product_categories Product category (ID: 3541): ["Jeringas, Agujas e Infusi\u00f3n > Infusi\u00f3n","Jeringas, Agujas e Infusi\u00f3n"].
2026-01-09T02:42:01+00:00 DEBUG Automattic\WooCommerce\GoogleListingsAndAds\Product\WCProductAdapter::map_product_categories Product category (ID: 3541): ["Jeringas, Agujas e Infusi\u00f3n > Infusi\u00f3n","Jeringas, Agujas e Infusi\u00f3n"].
2026-01-09T02:42:01+00:00 DEBUG Automattic\WooCommerce\GoogleListingsAndAds\Product\WCProductAdapter::map_product_categories Product category (ID: 3541): ["Jeringas, Agujas e Infusi\u00f3n > Infusi\u00f3n","Jeringas, Agujas e Infusi\u00f3n"].
2026-01-09T02:42:01+00:00 DEBUG Automattic\WooCommerce\GoogleListingsAndAds\Product\WCProductAdapter::map_product_categories Product category (ID: 3541): ["Jeringas, Agujas e Infusi\u00f3n > Infusi\u00f3n","Jeringas, Agujas e Infusi\u00f3n"].
2026-01-09T02:42:01+00:00 DEBUG Automattic\WooCommerce\GoogleListingsAndAds\Product\WCProductAdapter::map_product_categories Product category (ID: 3541): ["Jeringas, Agujas e Infusi\u00f3n > Infusi\u00f3n","Jeringas, Agujas e Infusi\u00f3n"].
2026-01-09T02:42:01+00:00 DEBUG Automattic\WooCommerce\GoogleListingsAndAds\Product\WCProductAdapter::map_product_categories Product category (ID: 3541): ["Jeringas, Agujas e Infusi\u00f3n > Infusi\u00f3n","Jeringas, Agujas e Infusi\u00f3n"].
2026-01-09T02:42:01+00:00 DEBUG Automattic\WooCommerce\GoogleListingsAndAds\Product\WCProductAdapter::map_product_categories Product category (ID: 3541): ["Jeringas, Agujas e Infusi\u00f3n > Infusi\u00f3n","Jeringas, Agujas e Infusi\u00f3n"].
2026-01-09T02:42:01+00:00 DEBUG Automattic\WooCommerce\GoogleListingsAndAds\Product\WCProductAdapter::map_product_categories Product category (ID: 3541): ["Jeringas, Agujas e Infusi\u00f3n > Infusi\u00f3n","Jeringas, Agujas e Infusi\u00f3n"].
2026-01-09T02:42:03+00:00 DEBUG Automattic\WooCommerce\GoogleListingsAndAds\Product\ProductSyncer::update_by_batch_requests Submitted 52 products:
[{"woocommerce_id":3182,"google_id":"online:es:CL:gla_3182"},{"woocommerce_id":3183,"google_id":"online:es:CL:gla_3183"},{"woocommerce_id":3184,"google_id":"online:es:CL:gla_3184"},{"woocommerce_id":2268,"google_id":"online:es:CL:gla_2268"},{"woocommerce_id":2268,"google_id":"online:es:CL:gla_2268"},{"woocommerce_id":2311,"google_id":"online:es:CL:gla_2311"},{"woocommerce_id":2315,"google_id":"online:es:CL:gla_2315"},{"woocommerce_id":2753,"google_id":"online:es:CL:gla_2753"},{"woocommerce_id":2756,"google_id":"online:es:CL:gla_2756"},{"woocommerce_id":2753,"google_id":"online:es:CL:gla_2753"},{"woocommerce_id":2756,"google_id":"online:es:CL:gla_2756"},{"woocommerce_id":3018,"google_id":"online:es:CL:gla_3018"},{"woocommerce_id":3019,"google_id":"online:es:CL:gla_3019"},{"woocommerce_id":3020,"google_id":"online:es:CL:gla_3020"},{"woocommerce_id":3021,"google_id":"online:es:CL:gla_3021"},{"woocommerce_id":3014,"google_id":"online:es:CL:gla_3014"},{"woocommerce_id":3018,"google_id":"online:es:CL:gla_3018"},{"woocommerce_id":3019,"google_id":"online:es:CL:gla_3019"},{"woocommerce_id":3020,"google_id":"online:es:CL:gla_3020"},{"woocommerce_id":3021,"google_id":"online:es:CL:gla_3021"},{"woocommerce_id":3040,"google_id":"online:es:CL:gla_3040"},{"woocommerce_id":3045,"google_id":"online:es:CL:gla_3045"},{"woocommerce_id":3048,"google_id":"online:es:CL:gla_3048"},{"woocommerce_id":3091,"google_id":"online:es:CL:gla_3091"},{"woocommerce_id":3095,"google_id":"online:es:CL:gla_3095"},{"woocommerce_id":3131,"google_id":"online:es:CL:gla_3131"},{"woocommerce_id":3185,"google_id":"online:es:CL:gla_3185"},{"woocommerce_id":3140,"google_id":"online:es:CL:gla_3140"},{"woocommerce_id":3187,"google_id":"online:es:CL:gla_3187"},{"woocommerce_id":3186,"google_id":"online:es:CL:gla_3186"},{"woocommerce_id":3140,"google_id":"online:es:CL:gla_3140"},{"woocommerce_id":3182,"google_id":"online:es:CL:gla_3182"},{"woocommerce_id":3183,"google_id":"online:es:CL:gla_3183"},{"woocommerce_id":3184,"google_id":"online:es:CL:gla_3184"},{"woocommerce_id":3185,"google_id":"online:es:CL:gla_3185"},{"woocommerce_id":3186,"google_id":"online:es:CL:gla_3186"},{"woocommerce_id":3187,"google_id":"online:es:CL:gla_3187"},{"woocommerce_id":3257,"google_id":"online:es:CL:gla_3257"},{"woocommerce_id":3311,"google_id":"online:es:CL:gla_3311"},{"woocommerce_id":3311,"google_id":"online:es:CL:gla_3311"},{"woocommerce_id":3543,"google_id":"online:es:CL:gla_3543"},{"woocommerce_id":3544,"google_id":"online:es:CL:gla_3544"},{"woocommerce_id":3545,"google_id":"online:es:CL:gla_3545"},{"woocommerce_id":3546,"google_id":"online:es:CL:gla_3546"},{"woocommerce_id":3547,"google_id":"online:es:CL:gla_3547"},{"woocommerce_id":3542,"google_id":"online:es:CL:gla_3542"},{"woocommerce_id":3542,"google_id":"online:es:CL:gla_3542"},{"woocommerce_id":3543,"google_id":"online:es:CL:gla_3543"},{"woocommerce_id":3544,"google_id":"online:es:CL:gla_3544"},{"woocommerce_id":3545,"google_id":"online:es:CL:gla_3545"},{"woocommerce_id":3546,"google_id":"online:es:CL:gla_3546"},{"woocommerce_id":3547,"google_id":"online:es:CL:gla_3547"}]
