2026-01-13T17:38:23+00:00 ERROR Automattic\WooCommerce\GoogleListingsAndAds\API\Google\MerchantPriceBenchmarks::get_price_comparisons_data {
  "error": {
    "code": 400,
    "message": "Market Insights is not enabled for account 5494855875.",
    "errors": [
      {
        "message": "Market Insights is not enabled for account 5494855875.",
        "domain": "global",
        "reason": "failedPrecondition"
      }
    ],
    "status": "FAILED_PRECONDITION",
    "details": [
      {
        "@type": "type.googleapis.com/google.rpc.ErrorInfo",
        "reason": "conditionNotMet",
        "domain": "global"
      }
    ]
  }
}
2026-01-13T17:38:23+00:00 DEBUG Automattic\WooCommerce\GoogleListingsAndAds\MerchantCenter\PriceBenchmarks::update_price_benchmarks Unable to retrieve price benchmark data
2026-01-13T17:38:29+00:00 DEBUG Automattic\WooCommerce\GoogleListingsAndAds\Product\WCProductAdapter::map_product_categories Product category (ID: 3016): ["Cuidado de heridas > Algodones y Gasas","Cuidado de heridas > Ap\u00f3sitos y Parches","Cuidado de heridas","Cuidado de heridas > Ap\u00f3sitos y Parches > Est\u00e9riles"].
2026-01-13T17:38:29+00:00 DEBUG Automattic\WooCommerce\GoogleListingsAndAds\Product\WCProductAdapter::map_product_categories Product category (ID: 3017): ["Cuidado de heridas > Algodones y Gasas","Cuidado de heridas","Cuidado e Higiene de Pacientes"].
2026-01-13T17:38:29+00:00 DEBUG Automattic\WooCommerce\GoogleListingsAndAds\Product\WCProductAdapter::map_product_categories Product category (ID: 3042): ["Cuidado e Higiene de Pacientes","Cuidado e Higiene de Pacientes > Limpieza de Pacientes"].
2026-01-13T17:38:29+00:00 DEBUG Automattic\WooCommerce\GoogleListingsAndAds\Product\WCProductAdapter::map_product_categories Product category (ID: 3043): ["Cuidado e Higiene de Pacientes","Cuidado e Higiene de Pacientes > Limpieza de Pacientes"].
2026-01-13T17:38:29+00:00 DEBUG Automattic\WooCommerce\GoogleListingsAndAds\Product\WCProductAdapter::map_product_categories Product category (ID: 3044): ["Cuidado de heridas","Cuidado de heridas > Hidrogeles y Protectores Cut\u00e1neos"].
2026-01-13T17:38:29+00:00 DEBUG Automattic\WooCommerce\GoogleListingsAndAds\Product\WCProductAdapter::map_product_categories Product category (ID: 3102): ["Productos L\u00edquidos","Productos L\u00edquidos > Vaselina"].
2026-01-13T17:38:29+00:00 DEBUG Automattic\WooCommerce\GoogleListingsAndAds\Product\WCProductAdapter::map_product_categories Product category (ID: 3102): ["Productos L\u00edquidos","Productos L\u00edquidos > Vaselina"].
2026-01-13T17:38:29+00:00 DEBUG Automattic\WooCommerce\GoogleListingsAndAds\Product\WCProductAdapter::map_product_categories Product category (ID: 3102): ["Productos L\u00edquidos","Productos L\u00edquidos > Vaselina"].
2026-01-13T17:38:29+00:00 DEBUG Automattic\WooCommerce\GoogleListingsAndAds\Product\WCProductAdapter::map_product_categories Product category (ID: 3102): ["Productos L\u00edquidos","Productos L\u00edquidos > Vaselina"].
2026-01-13T17:38:29+00:00 DEBUG Automattic\WooCommerce\GoogleListingsAndAds\Product\WCProductAdapter::map_product_categories Product category (ID: 3109): ["Cuidado de heridas > Cintas y vendajes > Accesorios vendaje","Cuidado de heridas > Cintas y vendajes","Cuidado de heridas","Cuidado de heridas > Cintas y vendajes > Vendas el\u00e1sticas"].
2026-01-13T17:38:29+00:00 DEBUG Automattic\WooCommerce\GoogleListingsAndAds\Product\WCProductAdapter::map_product_categories Product category (ID: 3109): ["Cuidado de heridas > Cintas y vendajes > Accesorios vendaje","Cuidado de heridas > Cintas y vendajes","Cuidado de heridas","Cuidado de heridas > Cintas y vendajes > Vendas el\u00e1sticas"].
2026-01-13T17:38:29+00:00 DEBUG Automattic\WooCommerce\GoogleListingsAndAds\Product\WCProductAdapter::map_product_categories Product category (ID: 3109): ["Cuidado de heridas > Cintas y vendajes > Accesorios vendaje","Cuidado de heridas > Cintas y vendajes","Cuidado de heridas","Cuidado de heridas > Cintas y vendajes > Vendas el\u00e1sticas"].
2026-01-13T17:38:29+00:00 DEBUG Automattic\WooCommerce\GoogleListingsAndAds\Product\WCProductAdapter::map_product_categories Product category (ID: 3109): ["Cuidado de heridas > Cintas y vendajes > Accesorios vendaje","Cuidado de heridas > Cintas y vendajes","Cuidado de heridas","Cuidado de heridas > Cintas y vendajes > Vendas el\u00e1sticas"].
2026-01-13T17:38:29+00:00 DEBUG Automattic\WooCommerce\GoogleListingsAndAds\Product\WCProductAdapter::map_product_categories Product category (ID: 3116): ["Cuidado de heridas > Algodones y Gasas","Cuidado de heridas","Cuidado de heridas > Algodones y Gasas > Torulas de algod\u00f3n"].
2026-01-13T17:38:29+00:00 DEBUG Automattic\WooCommerce\GoogleListingsAndAds\Product\WCProductAdapter::map_product_categories Product category (ID: 3116): ["Cuidado de heridas > Algodones y Gasas","Cuidado de heridas","Cuidado de heridas > Algodones y Gasas > Torulas de algod\u00f3n"].
2026-01-13T17:38:29+00:00 DEBUG Automattic\WooCommerce\GoogleListingsAndAds\Product\WCProductAdapter::map_product_categories Product category (ID: 3116): ["Cuidado de heridas > Algodones y Gasas","Cuidado de heridas","Cuidado de heridas > Algodones y Gasas > Torulas de algod\u00f3n"].
2026-01-13T17:38:29+00:00 DEBUG Automattic\WooCommerce\GoogleListingsAndAds\Product\WCProductAdapter::map_product_categories Product category (ID: 3116): ["Cuidado de heridas > Algodones y Gasas","Cuidado de heridas","Cuidado de heridas > Algodones y Gasas > Torulas de algod\u00f3n"].
2026-01-13T17:38:29+00:00 DEBUG Automattic\WooCommerce\GoogleListingsAndAds\Product\WCProductAdapter::map_product_categories Product category (ID: 3116): ["Cuidado de heridas > Algodones y Gasas","Cuidado de heridas","Cuidado de heridas > Algodones y Gasas > Torulas de algod\u00f3n"].
2026-01-13T17:38:29+00:00 DEBUG Automattic\WooCommerce\GoogleListingsAndAds\Product\WCProductAdapter::map_product_categories Product category (ID: 3116): ["Cuidado de heridas > Algodones y Gasas","Cuidado de heridas","Cuidado de heridas > Algodones y Gasas > Torulas de algod\u00f3n"].
2026-01-13T17:38:29+00:00 DEBUG Automattic\WooCommerce\GoogleListingsAndAds\Product\WCProductAdapter::map_product_categories Product category (ID: 3137): ["Cuidado de heridas > Ap\u00f3sitos y Parches","Cuidado de heridas > Cintas y vendajes","Cuidado de heridas","Cuidado de heridas > Cintas y vendajes > Vendas adhesivas"].
2026-01-13T17:38:29+00:00 DEBUG Automattic\WooCommerce\GoogleListingsAndAds\Product\WCProductAdapter::map_product_categories Product category (ID: 3304): ["Cuidado de heridas > Ap\u00f3sitos y Parches","Conkote","Cuidado de heridas"].
2026-01-13T17:38:29+00:00 DEBUG Automattic\WooCommerce\GoogleListingsAndAds\Product\WCProductAdapter::map_product_categories Product category (ID: 3304): ["Cuidado de heridas > Ap\u00f3sitos y Parches","Conkote","Cuidado de heridas"].
2026-01-13T17:38:29+00:00 DEBUG Automattic\WooCommerce\GoogleListingsAndAds\Product\WCProductAdapter::map_product_categories Product category (ID: 3316): ["Cuidado de heridas > Ap\u00f3sitos y Parches","Conkote","Cuidado de heridas"].
2026-01-13T17:38:29+00:00 DEBUG Automattic\WooCommerce\GoogleListingsAndAds\Product\WCProductAdapter::map_product_categories Product category (ID: 3316): ["Cuidado de heridas > Ap\u00f3sitos y Parches","Conkote","Cuidado de heridas"].
2026-01-13T17:38:29+00:00 DEBUG Automattic\WooCommerce\GoogleListingsAndAds\Product\WCProductAdapter::map_product_categories Product category (ID: 3319): ["Cuidado de heridas > Ap\u00f3sitos y Parches","Conkote","Cuidado de heridas"].
2026-01-13T17:38:29+00:00 DEBUG Automattic\WooCommerce\GoogleListingsAndAds\Product\WCProductAdapter::map_product_categories Product category (ID: 3319): ["Cuidado de heridas > Ap\u00f3sitos y Parches","Conkote","Cuidado de heridas"].
2026-01-13T17:38:29+00:00 DEBUG Automattic\WooCommerce\GoogleListingsAndAds\Product\WCProductAdapter::map_product_categories Product category (ID: 3319): ["Cuidado de heridas > Ap\u00f3sitos y Parches","Conkote","Cuidado de heridas"].
2026-01-13T17:38:29+00:00 DEBUG Automattic\WooCommerce\GoogleListingsAndAds\Product\WCProductAdapter::map_product_categories Product category (ID: 3319): ["Cuidado de heridas > Ap\u00f3sitos y Parches","Conkote","Cuidado de heridas"].
2026-01-13T17:38:29+00:00 DEBUG Automattic\WooCommerce\GoogleListingsAndAds\Product\WCProductAdapter::map_product_categories Product category (ID: 3323): ["Cuidado de heridas > Algodones y Gasas","Cuidado de heridas > Cintas y vendajes","Conkote","Cuidado de heridas","Cuidado de heridas > Cintas y vendajes > Vendas el\u00e1sticas"].
2026-01-13T17:38:29+00:00 DEBUG Automattic\WooCommerce\GoogleListingsAndAds\Product\WCProductAdapter::map_product_categories Product category (ID: 3323): ["Cuidado de heridas > Algodones y Gasas","Cuidado de heridas > Cintas y vendajes","Conkote","Cuidado de heridas","Cuidado de heridas > Cintas y vendajes > Vendas el\u00e1sticas"].
2026-01-13T17:38:30+00:00 DEBUG Automattic\WooCommerce\GoogleListingsAndAds\Product\WCProductAdapter::map_product_categories Product category (ID: 3323): ["Cuidado de heridas > Algodones y Gasas","Cuidado de heridas > Cintas y vendajes","Conkote","Cuidado de heridas","Cuidado de heridas > Cintas y vendajes > Vendas el\u00e1sticas"].
2026-01-13T17:38:30+00:00 DEBUG Automattic\WooCommerce\GoogleListingsAndAds\Product\WCProductAdapter::map_product_categories Product category (ID: 3323): ["Cuidado de heridas > Algodones y Gasas","Cuidado de heridas > Cintas y vendajes","Conkote","Cuidado de heridas","Cuidado de heridas > Cintas y vendajes > Vendas el\u00e1sticas"].
2026-01-13T17:38:30+00:00 DEBUG Automattic\WooCommerce\GoogleListingsAndAds\Product\WCProductAdapter::map_product_categories Product category (ID: 3329): ["Cuidado de heridas > Ap\u00f3sitos y Parches","Conkote","Cuidado de heridas"].
2026-01-13T17:38:30+00:00 DEBUG Automattic\WooCommerce\GoogleListingsAndAds\Product\WCProductAdapter::map_product_categories Product category (ID: 3329): ["Cuidado de heridas > Ap\u00f3sitos y Parches","Conkote","Cuidado de heridas"].
2026-01-13T17:38:30+00:00 DEBUG Automattic\WooCommerce\GoogleListingsAndAds\Product\WCProductAdapter::map_product_categories Product category (ID: 3498): ["Cuidado de heridas > Algodones y Gasas","Cuidado de heridas > Ap\u00f3sitos y Parches","Cuidado de heridas","Cuidado de heridas > Ap\u00f3sitos y Parches > Parafinada"].
2026-01-13T17:38:30+00:00 DEBUG Automattic\WooCommerce\GoogleListingsAndAds\Product\WCProductAdapter::map_product_categories Product category (ID: 3508): ["Cuidado de heridas > Cintas y vendajes","Cuidado de heridas"].
2026-01-13T17:38:30+00:00 DEBUG Automattic\WooCommerce\GoogleListingsAndAds\Product\WCProductAdapter::map_product_categories Product category (ID: 3529): ["Cuidado de heridas > Ap\u00f3sitos y Parches","Cuidado de heridas","Elementos de Protecci\u00f3n","Elementos de Protecci\u00f3n > EPP"].
2026-01-13T17:38:31+00:00 DEBUG Automattic\WooCommerce\GoogleListingsAndAds\Product\ProductSyncer::update_by_batch_requests Submitted 37 products:
[{"woocommerce_id":3016,"google_id":"online:es:CL:gla_3016"},{"woocommerce_id":3017,"google_id":"online:es:CL:gla_3017"},{"woocommerce_id":3042,"google_id":"online:es:CL:gla_3042"},{"woocommerce_id":3043,"google_id":"online:es:CL:gla_3043"},{"woocommerce_id":3044,"google_id":"online:es:CL:gla_3044"},{"woocommerce_id":3108,"google_id":"online:es:CL:gla_3108"},{"woocommerce_id":3107,"google_id":"online:es:CL:gla_3107"},{"woocommerce_id":3107,"google_id":"online:es:CL:gla_3107"},{"woocommerce_id":3108,"google_id":"online:es:CL:gla_3108"},{"woocommerce_id":3110,"google_id":"online:es:CL:gla_3110"},{"woocommerce_id":3111,"google_id":"online:es:CL:gla_3111"},{"woocommerce_id":3110,"google_id":"online:es:CL:gla_3110"},{"woocommerce_id":3111,"google_id":"online:es:CL:gla_3111"},{"woocommerce_id":3117,"google_id":"online:es:CL:gla_3117"},{"woocommerce_id":3118,"google_id":"online:es:CL:gla_3118"},{"woocommerce_id":3119,"google_id":"online:es:CL:gla_3119"},{"woocommerce_id":3117,"google_id":"online:es:CL:gla_3117"},{"woocommerce_id":3118,"google_id":"online:es:CL:gla_3118"},{"woocommerce_id":3119,"google_id":"online:es:CL:gla_3119"},{"woocommerce_id":3137,"google_id":"online:es:CL:gla_3137"},{"woocommerce_id":3308,"google_id":"online:es:CL:gla_3308"},{"woocommerce_id":3308,"google_id":"online:es:CL:gla_3308"},{"woocommerce_id":3317,"google_id":"online:es:CL:gla_3317"},{"woocommerce_id":3317,"google_id":"online:es:CL:gla_3317"},{"woocommerce_id":3321,"google_id":"online:es:CL:gla_3321"},{"woocommerce_id":3322,"google_id":"online:es:CL:gla_3322"},{"woocommerce_id":3321,"google_id":"online:es:CL:gla_3321"},{"woocommerce_id":3322,"google_id":"online:es:CL:gla_3322"},{"woocommerce_id":3327,"google_id":"online:es:CL:gla_3327"},{"woocommerce_id":3328,"google_id":"online:es:CL:gla_3328"},{"woocommerce_id":3327,"google_id":"online:es:CL:gla_3327"},{"woocommerce_id":3328,"google_id":"online:es:CL:gla_3328"},{"woocommerce_id":3330,"google_id":"online:es:CL:gla_3330"},{"woocommerce_id":3330,"google_id":"online:es:CL:gla_3330"},{"woocommerce_id":3498,"google_id":"online:es:CL:gla_3498"},{"woocommerce_id":3508,"google_id":"online:es:CL:gla_3508"},{"woocommerce_id":3529,"google_id":"online:es:CL:gla_3529"}]
2026-01-13T21:19:45+00:00 DEBUG Automattic\WooCommerce\GoogleListingsAndAds\Product\WCProductAdapter::map_product_categories Product category (ID: 3588): ["Elementos de Protecci\u00f3n","Elementos de Protecci\u00f3n > Guantes"].
2026-01-13T21:19:45+00:00 DEBUG Automattic\WooCommerce\GoogleListingsAndAds\Product\WCProductAdapter::map_product_categories Product category (ID: 3559): ["Cuidado de heridas > Algodones y Gasas","Cuidado de heridas > Cintas y vendajes","Cuidado de heridas","Elementos de Protecci\u00f3n","Cuidado de heridas > Cintas y vendajes > Vendaje neuromuscular"].
2026-01-13T21:19:45+00:00 DEBUG Automattic\WooCommerce\GoogleListingsAndAds\Product\WCProductAdapter::map_product_categories Product category (ID: 3541): ["Jeringas, Agujas e Infusi\u00f3n > Infusi\u00f3n","Jeringas, Agujas e Infusi\u00f3n"].
2026-01-13T21:19:45+00:00 DEBUG Automattic\WooCommerce\GoogleListingsAndAds\Product\WCProductAdapter::map_product_categories Product category (ID: 3535): ["Cuidado de heridas > Algodones y Gasas","Cuidado de heridas > Cintas y vendajes","Cuidado de heridas"].
2026-01-13T21:19:46+00:00 DEBUG Automattic\WooCommerce\GoogleListingsAndAds\Product\WCProductAdapter::map_product_categories Product category (ID: 3532): ["Cuidado de heridas > Ap\u00f3sitos y Parches","Cuidado de heridas","Elementos de Protecci\u00f3n","Elementos de Protecci\u00f3n > EPP"].
2026-01-13T21:19:46+00:00 DEBUG Automattic\WooCommerce\GoogleListingsAndAds\Product\WCProductAdapter::map_product_categories Product category (ID: 3529): ["Cuidado de heridas > Ap\u00f3sitos y Parches","Cuidado de heridas","Elementos de Protecci\u00f3n","Elementos de Protecci\u00f3n > EPP"].
2026-01-13T21:19:46+00:00 DEBUG Automattic\WooCommerce\GoogleListingsAndAds\Product\WCProductAdapter::map_product_categories Product category (ID: 3526): ["Cuidado de heridas","Cuidado de la Piel","Cuidado de heridas > Hidrogeles y Protectores Cut\u00e1neos"].
2026-01-13T21:19:46+00:00 DEBUG Automattic\WooCommerce\GoogleListingsAndAds\Product\WCProductAdapter::map_product_categories Product category (ID: 3523): ["Cuidado de heridas","Cuidado de la Piel","Cuidado de heridas > Hidrogeles y Protectores Cut\u00e1neos"].
2026-01-13T21:19:46+00:00 DEBUG Automattic\WooCommerce\GoogleListingsAndAds\Product\WCProductAdapter::map_product_categories Product category (ID: 3508): ["Cuidado de heridas > Cintas y vendajes","Cuidado de heridas"].
2026-01-13T21:20:58+00:00 DEBUG Automattic\WooCommerce\GoogleListingsAndAds\Product\WCProductAdapter::map_product_categories Product category (ID: 3045): ["Cuidado de heridas > Cintas y vendajes","Cuidado de heridas","Cuidado de heridas > Cintas y vendajes > Vendas adhesivas"].
2026-01-13T21:21:00+00:00 DEBUG Automattic\WooCommerce\GoogleListingsAndAds\Product\ProductSyncer::update_by_batch_requests Submitted 1 products:
[{"woocommerce_id":3045,"google_id":"online:es:CL:gla_3045"}]
2026-01-13T21:21:40+00:00 DEBUG Automattic\WooCommerce\GoogleListingsAndAds\Product\WCProductAdapter::map_product_categories Product category (ID: 3045): ["Cuidado de heridas > Cintas y vendajes","Cuidado de heridas","Cuidado de heridas > Cintas y vendajes > Vendas adhesivas"].
2026-01-13T21:21:41+00:00 DEBUG Automattic\WooCommerce\GoogleListingsAndAds\Product\ProductSyncer::update_by_batch_requests Submitted 1 products:
[{"woocommerce_id":3045,"google_id":"online:es:CL:gla_3045"}]
2026-01-13T21:24:16+00:00 DEBUG Automattic\WooCommerce\GoogleListingsAndAds\Product\WCProductAdapter::map_product_categories Product category (ID: 3045): ["Cuidado de heridas > Cintas y vendajes","Cuidado de heridas","Cuidado de heridas > Cintas y vendajes > Vendas adhesivas"].
2026-01-13T21:24:18+00:00 DEBUG Automattic\WooCommerce\GoogleListingsAndAds\Product\ProductSyncer::update_by_batch_requests Submitted 1 products:
[{"woocommerce_id":3045,"google_id":"online:es:CL:gla_3045"}]
2026-01-13T21:28:18+00:00 DEBUG Automattic\WooCommerce\GoogleListingsAndAds\Product\WCProductAdapter::map_product_categories Product category (ID: 3045): ["Cuidado de heridas > Cintas y vendajes","Cuidado de heridas","Cuidado de heridas > Cintas y vendajes > Vendas adhesivas"].
2026-01-13T21:28:19+00:00 DEBUG Automattic\WooCommerce\GoogleListingsAndAds\Product\ProductSyncer::update_by_batch_requests Submitted 1 products:
[{"woocommerce_id":3045,"google_id":"online:es:CL:gla_3045"}]
2026-01-13T21:31:17+00:00 DEBUG Automattic\WooCommerce\GoogleListingsAndAds\Product\WCProductAdapter::map_product_categories Product category (ID: 3045): ["Cuidado de heridas > Cintas y vendajes","Cuidado de heridas","Cuidado de heridas > Cintas y vendajes > Vendas adhesivas"].
2026-01-13T21:31:18+00:00 DEBUG Automattic\WooCommerce\GoogleListingsAndAds\Product\ProductSyncer::update_by_batch_requests Submitted 1 products:
[{"woocommerce_id":3045,"google_id":"online:es:CL:gla_3045"}]
2026-01-13T21:33:28+00:00 DEBUG Automattic\WooCommerce\GoogleListingsAndAds\Product\WCProductAdapter::map_product_categories Product category (ID: 3045): ["Cuidado de heridas > Cintas y vendajes","Cuidado de heridas","Cuidado de heridas > Cintas y vendajes > Vendas adhesivas"].
2026-01-13T21:33:30+00:00 DEBUG Automattic\WooCommerce\GoogleListingsAndAds\Product\ProductSyncer::update_by_batch_requests Submitted 1 products:
[{"woocommerce_id":3045,"google_id":"online:es:CL:gla_3045"}]
